This file contains any messages produced by compilers while
running configure, to aid debugging if configure makes a mistake.

It was created by configure, which was
generated by GNU Autoconf 2.65.  Invocation command line was

  $ /home/heikki/pr/programs/ksimu51/configure --enable-debug=full

## --------- ##
## Platform. ##
## --------- ##

hostname = CompaQ1G5P4
uname -m = i686
uname -r = 2.6.34.7-63.fc13.i686.PAE
uname -s = Linux
uname -v = #1 SMP Fri Dec 3 12:28:58 UTC 2010

/usr/bin/uname -p = unknown
/bin/uname -X     = unknown

/bin/arch              = i686
/usr/bin/arch -k       = unknown
/usr/convex/getsysinfo = unknown
/usr/bin/hostinfo      = unknown
/bin/machine           = unknown
/usr/bin/oslevel       = unknown
/bin/universe          = unknown

PATH: /usr/lib/qt-3.3/bin
PATH: /usr/kerberos/sbin
PATH: /usr/kerberos/bin
PATH: /usr/lib/ccache
PATH: /usr/local/bin
PATH: /usr/bin
PATH: /bin
PATH: /usr/local/sbin
PATH: /usr/sbin
PATH: /sbin
PATH: /home/heikki/bin


## ----------- ##
## Core tests. ##
## ----------- ##

configure:2986: checking build system type
configure:3000: result: i686-redhat-linux-gnu
configure:3020: checking host system type
configure:3033: result: i686-redhat-linux-gnu
configure:3053: checking target system type
configure:3066: result: i686-redhat-linux-gnu
configure:3124: checking for a BSD-compatible install
configure:3192: result: /usr/bin/install -c
configure:3207: checking for -p flag to install
configure:3220: result: yes
configure:3231: checking whether build environment is sane
configure:3268: result: yes
configure:3288: checking for gawk
configure:3304: found /usr/bin/gawk
configure:3315: result: gawk
configure:3326: checking whether make sets $(MAKE)
configure:3348: result: yes
configure:3540: checking for kde-config
configure:3598: result: /usr/bin/kde-config
configure:3684: checking where to install
configure:3688: result: /usr (as returned by kde-config)
configure:3743: checking for style of include used by make
configure:3771: result: GNU
configure:3844: checking for gcc
configure:3860: found /usr/lib/ccache/gcc
configure:3871: result: gcc
configure:4100: checking for C compiler version
configure:4109: gcc --version >&5
gcc (GCC) 4.4.5 20101112 (Red Hat 4.4.5-2)
Copyright (C) 2010 Free Software Foundation, Inc.
This is free software; see the source for copying conditions.  There is NO
warranty; not even for MERCHANTABILITY or FITNESS FOR A PARTICULAR PURPOSE.

configure:4120: $? = 0
configure:4109: gcc -v >&5
Using built-in specs.
Target: i686-redhat-linux
Configured with: ../configure --prefix=/usr --mandir=/usr/share/man --infodir=/usr/share/info --with-bugurl=http://bugzilla.redhat.com/bugzilla --enable-bootstrap --enable-shared --enable-threads=posix --enable-checking=release --with-system-zlib --enable-__cxa_atexit --disable-libunwind-exceptions --enable-gnu-unique-object --enable-languages=c,c++,objc,obj-c++,java,fortran,ada --enable-java-awt=gtk --disable-dssi --with-java-home=/usr/lib/jvm/java-1.5.0-gcj-1.5.0.0/jre --enable-libgcj-multifile --enable-java-maintainer-mode --with-ecj-jar=/usr/share/java/eclipse-ecj.jar --disable-libjava-multilib --with-ppl --with-cloog --with-tune=generic --with-arch=i686 --build=i686-redhat-linux
Thread model: posix
gcc version 4.4.5 20101112 (Red Hat 4.4.5-2) (GCC) 
configure:4120: $? = 0
configure:4109: gcc -V >&5
gcc: '-V' option must have argument
configure:4120: $? = 1
configure:4109: gcc -qversion >&5
gcc: unrecognized option '-qversion'
gcc: no input files
configure:4120: $? = 1
configure:4124: checking whether we are using the GNU C compiler
configure:4143: gcc -c   conftest.c >&5
configure:4143: $? = 0
configure: failed program was:
| /* confdefs.h */
| #define PACKAGE_NAME ""
| #define PACKAGE_TARNAME ""
| #define PACKAGE_VERSION ""
| #define PACKAGE_STRING ""
| #define PACKAGE_BUGREPORT ""
| #define PACKAGE_URL ""
| #define PACKAGE "ksimu51"
| #define VERSION "0.1"
| /* end confdefs.h.  */
| 
| int
| main ()
| {
| #ifndef __GNUC__
|        choke me
| #endif
| 
|   ;
|   return 0;
| }
configure:4152: result: no
configure:4161: checking whether gcc accepts -g
configure:4181: gcc -c -g  conftest.c >&5
configure:4181: $? = 0
configure: failed program was:
| /* confdefs.h */
| #define PACKAGE_NAME ""
| #define PACKAGE_TARNAME ""
| #define PACKAGE_VERSION ""
| #define PACKAGE_STRING ""
| #define PACKAGE_BUGREPORT ""
| #define PACKAGE_URL ""
| #define PACKAGE "ksimu51"
| #define VERSION "0.1"
| /* end confdefs.h.  */
| 
| int
| main ()
| {
| 
|   ;
|   return 0;
| }
configure:4196: gcc -c   conftest.c >&5
configure:4196: $? = 0
configure: failed program was:
| /* confdefs.h */
| #define PACKAGE_NAME ""
| #define PACKAGE_TARNAME ""
| #define PACKAGE_VERSION ""
| #define PACKAGE_STRING ""
| #define PACKAGE_BUGREPORT ""
| #define PACKAGE_URL ""
| #define PACKAGE "ksimu51"
| #define VERSION "0.1"
| /* end confdefs.h.  */
| 
| int
| main ()
| {
| 
|   ;
|   return 0;
| }
configure:4212: gcc -c -g  conftest.c >&5
configure:4212: $? = 0
configure: failed program was:
| /* confdefs.h */
| #define PACKAGE_NAME ""
| #define PACKAGE_TARNAME ""
| #define PACKAGE_VERSION ""
| #define PACKAGE_STRING ""
| #define PACKAGE_BUGREPORT ""
| #define PACKAGE_URL ""
| #define PACKAGE "ksimu51"
| #define VERSION "0.1"
| /* end confdefs.h.  */
| 
| int
| main ()
| {
| 
|   ;
|   return 0;
| }
configure:4222: result: no
configure:4239: checking for gcc option to accept ISO C89
configure:4303: gcc  -c   conftest.c >&5
configure:4303: $? = 0
configure: failed program was:
| /* confdefs.h */
| #define PACKAGE_NAME ""
| #define PACKAGE_TARNAME ""
| #define PACKAGE_VERSION ""
| #define PACKAGE_STRING ""
| #define PACKAGE_BUGREPORT ""
| #define PACKAGE_URL ""
| #define PACKAGE "ksimu51"
| #define VERSION "0.1"
| /* end confdefs.h.  */
| #include <stdarg.h>
| #include <stdio.h>
| #include <sys/types.h>
| #include <sys/stat.h>
| /* Most of the following tests are stolen from RCS 5.7's src/conf.sh.  */
| struct buf { int x; };
| FILE * (*rcsopen) (struct buf *, struct stat *, int);
| static char *e (p, i)
|      char **p;
|      int i;
| {
|   return p[i];
| }
| static char *f (char * (*g) (char **, int), char **p, ...)
| {
|   char *s;
|   va_list v;
|   va_start (v,p);
|   s = g (p, va_arg (v,int));
|   va_end (v);
|   return s;
| }
| 
| /* OSF 4.0 Compaq cc is some sort of almost-ANSI by default.  It has
|    function prototypes and stuff, but not '\xHH' hex character constants.
|    These don't provoke an error unfortunately, instead are silently treated
|    as 'x'.  The following induces an error, until -std is added to get
|    proper ANSI mode.  Curiously '\x00'!='x' always comes out true, for an
|    array size at least.  It's necessary to write '\x00'==0 to get something
|    that's true only with -std.  */
| int osf4_cc_array ['\x00' == 0 ? 1 : -1];
| 
| /* IBM C 6 for AIX is almost-ANSI by default, but it replaces macro parameters
|    inside strings and character constants.  */
| #define FOO(x) 'x'
| int xlc6_cc_array[FOO(a) == 'x' ? 1 : -1];
| 
| int test (int i, double x);
| struct s1 {int (*f) (int a);};
| struct s2 {int (*f) (double a);};
| int pairnames (int, char **, FILE *(*)(struct buf *, struct stat *, int), int, int);
| int argc;
| char **argv;
| int
| main ()
| {
| return f (e, argv, 0) != argv[0]  ||  f (e, argv, 1) != argv[1];
|   ;
|   return 0;
| }
configure:4303: gcc -qlanglvl=extc89 -c   conftest.c >&5
gcc: unrecognized option '-qlanglvl=extc89'
gcc: unrecognized option '-qlanglvl=extc89'
configure:4303: $? = 0
configure: failed program was:
| /* confdefs.h */
| #define PACKAGE_NAME ""
| #define PACKAGE_TARNAME ""
| #define PACKAGE_VERSION ""
| #define PACKAGE_STRING ""
| #define PACKAGE_BUGREPORT ""
| #define PACKAGE_URL ""
| #define PACKAGE "ksimu51"
| #define VERSION "0.1"
| /* end confdefs.h.  */
| #include <stdarg.h>
| #include <stdio.h>
| #include <sys/types.h>
| #include <sys/stat.h>
| /* Most of the following tests are stolen from RCS 5.7's src/conf.sh.  */
| struct buf { int x; };
| FILE * (*rcsopen) (struct buf *, struct stat *, int);
| static char *e (p, i)
|      char **p;
|      int i;
| {
|   return p[i];
| }
| static char *f (char * (*g) (char **, int), char **p, ...)
| {
|   char *s;
|   va_list v;
|   va_start (v,p);
|   s = g (p, va_arg (v,int));
|   va_end (v);
|   return s;
| }
| 
| /* OSF 4.0 Compaq cc is some sort of almost-ANSI by default.  It has
|    function prototypes and stuff, but not '\xHH' hex character constants.
|    These don't provoke an error unfortunately, instead are silently treated
|    as 'x'.  The following induces an error, until -std is added to get
|    proper ANSI mode.  Curiously '\x00'!='x' always comes out true, for an
|    array size at least.  It's necessary to write '\x00'==0 to get something
|    that's true only with -std.  */
| int osf4_cc_array ['\x00' == 0 ? 1 : -1];
| 
| /* IBM C 6 for AIX is almost-ANSI by default, but it replaces macro parameters
|    inside strings and character constants.  */
| #define FOO(x) 'x'
| int xlc6_cc_array[FOO(a) == 'x' ? 1 : -1];
| 
| int test (int i, double x);
| struct s1 {int (*f) (int a);};
| struct s2 {int (*f) (double a);};
| int pairnames (int, char **, FILE *(*)(struct buf *, struct stat *, int), int, int);
| int argc;
| char **argv;
| int
| main ()
| {
| return f (e, argv, 0) != argv[0]  ||  f (e, argv, 1) != argv[1];
|   ;
|   return 0;
| }
configure:4303: gcc -qlanglvl=ansi -c   conftest.c >&5
gcc: unrecognized option '-qlanglvl=ansi'
gcc: unrecognized option '-qlanglvl=ansi'
configure:4303: $? = 0
configure: failed program was:
| /* confdefs.h */
| #define PACKAGE_NAME ""
| #define PACKAGE_TARNAME ""
| #define PACKAGE_VERSION ""
| #define PACKAGE_STRING ""
| #define PACKAGE_BUGREPORT ""
| #define PACKAGE_URL ""
| #define PACKAGE "ksimu51"
| #define VERSION "0.1"
| /* end confdefs.h.  */
| #include <stdarg.h>
| #include <stdio.h>
| #include <sys/types.h>
| #include <sys/stat.h>
| /* Most of the following tests are stolen from RCS 5.7's src/conf.sh.  */
| struct buf { int x; };
| FILE * (*rcsopen) (struct buf *, struct stat *, int);
| static char *e (p, i)
|      char **p;
|      int i;
| {
|   return p[i];
| }
| static char *f (char * (*g) (char **, int), char **p, ...)
| {
|   char *s;
|   va_list v;
|   va_start (v,p);
|   s = g (p, va_arg (v,int));
|   va_end (v);
|   return s;
| }
| 
| /* OSF 4.0 Compaq cc is some sort of almost-ANSI by default.  It has
|    function prototypes and stuff, but not '\xHH' hex character constants.
|    These don't provoke an error unfortunately, instead are silently treated
|    as 'x'.  The following induces an error, until -std is added to get
|    proper ANSI mode.  Curiously '\x00'!='x' always comes out true, for an
|    array size at least.  It's necessary to write '\x00'==0 to get something
|    that's true only with -std.  */
| int osf4_cc_array ['\x00' == 0 ? 1 : -1];
| 
| /* IBM C 6 for AIX is almost-ANSI by default, but it replaces macro parameters
|    inside strings and character constants.  */
| #define FOO(x) 'x'
| int xlc6_cc_array[FOO(a) == 'x' ? 1 : -1];
| 
| int test (int i, double x);
| struct s1 {int (*f) (int a);};
| struct s2 {int (*f) (double a);};
| int pairnames (int, char **, FILE *(*)(struct buf *, struct stat *, int), int, int);
| int argc;
| char **argv;
| int
| main ()
| {
| return f (e, argv, 0) != argv[0]  ||  f (e, argv, 1) != argv[1];
|   ;
|   return 0;
| }
configure:4303: gcc -std -c   conftest.c >&5
cc1: error: unrecognized command line option "-std"
configure:4303: $? = 1
configure: failed program was:
| /* confdefs.h */
| #define PACKAGE_NAME ""
| #define PACKAGE_TARNAME ""
| #define PACKAGE_VERSION ""
| #define PACKAGE_STRING ""
| #define PACKAGE_BUGREPORT ""
| #define PACKAGE_URL ""
| #define PACKAGE "ksimu51"
| #define VERSION "0.1"
| /* end confdefs.h.  */
| #include <stdarg.h>
| #include <stdio.h>
| #include <sys/types.h>
| #include <sys/stat.h>
| /* Most of the following tests are stolen from RCS 5.7's src/conf.sh.  */
| struct buf { int x; };
| FILE * (*rcsopen) (struct buf *, struct stat *, int);
| static char *e (p, i)
|      char **p;
|      int i;
| {
|   return p[i];
| }
| static char *f (char * (*g) (char **, int), char **p, ...)
| {
|   char *s;
|   va_list v;
|   va_start (v,p);
|   s = g (p, va_arg (v,int));
|   va_end (v);
|   return s;
| }
| 
| /* OSF 4.0 Compaq cc is some sort of almost-ANSI by default.  It has
|    function prototypes and stuff, but not '\xHH' hex character constants.
|    These don't provoke an error unfortunately, instead are silently treated
|    as 'x'.  The following induces an error, until -std is added to get
|    proper ANSI mode.  Curiously '\x00'!='x' always comes out true, for an
|    array size at least.  It's necessary to write '\x00'==0 to get something
|    that's true only with -std.  */
| int osf4_cc_array ['\x00' == 0 ? 1 : -1];
| 
| /* IBM C 6 for AIX is almost-ANSI by default, but it replaces macro parameters
|    inside strings and character constants.  */
| #define FOO(x) 'x'
| int xlc6_cc_array[FOO(a) == 'x' ? 1 : -1];
| 
| int test (int i, double x);
| struct s1 {int (*f) (int a);};
| struct s2 {int (*f) (double a);};
| int pairnames (int, char **, FILE *(*)(struct buf *, struct stat *, int), int, int);
| int argc;
| char **argv;
| int
| main ()
| {
| return f (e, argv, 0) != argv[0]  ||  f (e, argv, 1) != argv[1];
|   ;
|   return 0;
| }
configure:4303: gcc -Ae -c   conftest.c >&5
<command-line>: error: missing '(' after predicate
configure:4303: $? = 1
configure: failed program was:
| /* confdefs.h */
| #define PACKAGE_NAME ""
| #define PACKAGE_TARNAME ""
| #define PACKAGE_VERSION ""
| #define PACKAGE_STRING ""
| #define PACKAGE_BUGREPORT ""
| #define PACKAGE_URL ""
| #define PACKAGE "ksimu51"
| #define VERSION "0.1"
| /* end confdefs.h.  */
| #include <stdarg.h>
| #include <stdio.h>
| #include <sys/types.h>
| #include <sys/stat.h>
| /* Most of the following tests are stolen from RCS 5.7's src/conf.sh.  */
| struct buf { int x; };
| FILE * (*rcsopen) (struct buf *, struct stat *, int);
| static char *e (p, i)
|      char **p;
|      int i;
| {
|   return p[i];
| }
| static char *f (char * (*g) (char **, int), char **p, ...)
| {
|   char *s;
|   va_list v;
|   va_start (v,p);
|   s = g (p, va_arg (v,int));
|   va_end (v);
|   return s;
| }
| 
| /* OSF 4.0 Compaq cc is some sort of almost-ANSI by default.  It has
|    function prototypes and stuff, but not '\xHH' hex character constants.
|    These don't provoke an error unfortunately, instead are silently treated
|    as 'x'.  The following induces an error, until -std is added to get
|    proper ANSI mode.  Curiously '\x00'!='x' always comes out true, for an
|    array size at least.  It's necessary to write '\x00'==0 to get something
|    that's true only with -std.  */
| int osf4_cc_array ['\x00' == 0 ? 1 : -1];
| 
| /* IBM C 6 for AIX is almost-ANSI by default, but it replaces macro parameters
|    inside strings and character constants.  */
| #define FOO(x) 'x'
| int xlc6_cc_array[FOO(a) == 'x' ? 1 : -1];
| 
| int test (int i, double x);
| struct s1 {int (*f) (int a);};
| struct s2 {int (*f) (double a);};
| int pairnames (int, char **, FILE *(*)(struct buf *, struct stat *, int), int, int);
| int argc;
| char **argv;
| int
| main ()
| {
| return f (e, argv, 0) != argv[0]  ||  f (e, argv, 1) != argv[1];
|   ;
|   return 0;
| }
configure:4303: gcc -Aa -D_HPUX_SOURCE -c   conftest.c >&5
<command-line>: error: missing '(' after predicate
configure:4303: $? = 1
configure: failed program was:
| /* confdefs.h */
| #define PACKAGE_NAME ""
| #define PACKAGE_TARNAME ""
| #define PACKAGE_VERSION ""
| #define PACKAGE_STRING ""
| #define PACKAGE_BUGREPORT ""
| #define PACKAGE_URL ""
| #define PACKAGE "ksimu51"
| #define VERSION "0.1"
| /* end confdefs.h.  */
| #include <stdarg.h>
| #include <stdio.h>
| #include <sys/types.h>
| #include <sys/stat.h>
| /* Most of the following tests are stolen from RCS 5.7's src/conf.sh.  */
| struct buf { int x; };
| FILE * (*rcsopen) (struct buf *, struct stat *, int);
| static char *e (p, i)
|      char **p;
|      int i;
| {
|   return p[i];
| }
| static char *f (char * (*g) (char **, int), char **p, ...)
| {
|   char *s;
|   va_list v;
|   va_start (v,p);
|   s = g (p, va_arg (v,int));
|   va_end (v);
|   return s;
| }
| 
| /* OSF 4.0 Compaq cc is some sort of almost-ANSI by default.  It has
|    function prototypes and stuff, but not '\xHH' hex character constants.
|    These don't provoke an error unfortunately, instead are silently treated
|    as 'x'.  The following induces an error, until -std is added to get
|    proper ANSI mode.  Curiously '\x00'!='x' always comes out true, for an
|    array size at least.  It's necessary to write '\x00'==0 to get something
|    that's true only with -std.  */
| int osf4_cc_array ['\x00' == 0 ? 1 : -1];
| 
| /* IBM C 6 for AIX is almost-ANSI by default, but it replaces macro parameters
|    inside strings and character constants.  */
| #define FOO(x) 'x'
| int xlc6_cc_array[FOO(a) == 'x' ? 1 : -1];
| 
| int test (int i, double x);
| struct s1 {int (*f) (int a);};
| struct s2 {int (*f) (double a);};
| int pairnames (int, char **, FILE *(*)(struct buf *, struct stat *, int), int, int);
| int argc;
| char **argv;
| int
| main ()
| {
| return f (e, argv, 0) != argv[0]  ||  f (e, argv, 1) != argv[1];
|   ;
|   return 0;
| }
configure:4303: gcc -Xc -D__EXTENSIONS__ -c   conftest.c >&5
gcc: unrecognized option '-Xc'
gcc: unrecognized option '-Xc'
configure:4303: $? = 0
configure: failed program was:
| /* confdefs.h */
| #define PACKAGE_NAME ""
| #define PACKAGE_TARNAME ""
| #define PACKAGE_VERSION ""
| #define PACKAGE_STRING ""
| #define PACKAGE_BUGREPORT ""
| #define PACKAGE_URL ""
| #define PACKAGE "ksimu51"
| #define VERSION "0.1"
| /* end confdefs.h.  */
| #include <stdarg.h>
| #include <stdio.h>
| #include <sys/types.h>
| #include <sys/stat.h>
| /* Most of the following tests are stolen from RCS 5.7's src/conf.sh.  */
| struct buf { int x; };
| FILE * (*rcsopen) (struct buf *, struct stat *, int);
| static char *e (p, i)
|      char **p;
|      int i;
| {
|   return p[i];
| }
| static char *f (char * (*g) (char **, int), char **p, ...)
| {
|   char *s;
|   va_list v;
|   va_start (v,p);
|   s = g (p, va_arg (v,int));
|   va_end (v);
|   return s;
| }
| 
| /* OSF 4.0 Compaq cc is some sort of almost-ANSI by default.  It has
|    function prototypes and stuff, but not '\xHH' hex character constants.
|    These don't provoke an error unfortunately, instead are silently treated
|    as 'x'.  The following induces an error, until -std is added to get
|    proper ANSI mode.  Curiously '\x00'!='x' always comes out true, for an
|    array size at least.  It's necessary to write '\x00'==0 to get something
|    that's true only with -std.  */
| int osf4_cc_array ['\x00' == 0 ? 1 : -1];
| 
| /* IBM C 6 for AIX is almost-ANSI by default, but it replaces macro parameters
|    inside strings and character constants.  */
| #define FOO(x) 'x'
| int xlc6_cc_array[FOO(a) == 'x' ? 1 : -1];
| 
| int test (int i, double x);
| struct s1 {int (*f) (int a);};
| struct s2 {int (*f) (double a);};
| int pairnames (int, char **, FILE *(*)(struct buf *, struct stat *, int), int, int);
| int argc;
| char **argv;
| int
| main ()
| {
| return f (e, argv, 0) != argv[0]  ||  f (e, argv, 1) != argv[1];
|   ;
|   return 0;
| }
configure:4319: result: unsupported
configure:4338: checking dependency style of gcc
configure:4421: result: gcc3
configure:4497: checking for g++
configure:4513: found /usr/lib/ccache/g++
configure:4524: result: g++
configure:4551: checking for C++ compiler version
configure:4560: g++ --version >&5
g++ (GCC) 4.4.5 20101112 (Red Hat 4.4.5-2)
Copyright (C) 2010 Free Software Foundation, Inc.
This is free software; see the source for copying conditions.  There is NO
warranty; not even for MERCHANTABILITY or FITNESS FOR A PARTICULAR PURPOSE.

configure:4571: $? = 0
configure:4560: g++ -v >&5
Using built-in specs.
Target: i686-redhat-linux
Configured with: ../configure --prefix=/usr --mandir=/usr/share/man --infodir=/usr/share/info --with-bugurl=http://bugzilla.redhat.com/bugzilla --enable-bootstrap --enable-shared --enable-threads=posix --enable-checking=release --with-system-zlib --enable-__cxa_atexit --disable-libunwind-exceptions --enable-gnu-unique-object --enable-languages=c,c++,objc,obj-c++,java,fortran,ada --enable-java-awt=gtk --disable-dssi --with-java-home=/usr/lib/jvm/java-1.5.0-gcj-1.5.0.0/jre --enable-libgcj-multifile --enable-java-maintainer-mode --with-ecj-jar=/usr/share/java/eclipse-ecj.jar --disable-libjava-multilib --with-ppl --with-cloog --with-tune=generic --with-arch=i686 --build=i686-redhat-linux
Thread model: posix
gcc version 4.4.5 20101112 (Red Hat 4.4.5-2) (GCC) 
configure:4571: $? = 0
configure:4560: g++ -V >&5
g++: '-V' option must have argument
configure:4571: $? = 1
configure:4560: g++ -qversion >&5
g++: unrecognized option '-qversion'
g++: no input files
configure:4571: $? = 1
configure:4575: checking whether we are using the GNU C++ compiler
configure:4594: g++ -c -O0 -g3  conftest.cpp >&5
configure:4594: $? = 0
configure: failed program was:
| /* confdefs.h */
| #define PACKAGE_NAME ""
| #define PACKAGE_TARNAME ""
| #define PACKAGE_VERSION ""
| #define PACKAGE_STRING ""
| #define PACKAGE_BUGREPORT ""
| #define PACKAGE_URL ""
| #define PACKAGE "ksimu51"
| #define VERSION "0.1"
| /* end confdefs.h.  */
| 
| int
| main ()
| {
| #ifndef __GNUC__
|        choke me
| #endif
| 
|   ;
|   return 0;
| }
configure:4603: result: no
configure:4612: checking whether g++ accepts -g
configure:4632: g++ -c -g  conftest.cpp >&5
configure:4632: $? = 0
configure: failed program was:
| /* confdefs.h */
| #define PACKAGE_NAME ""
| #define PACKAGE_TARNAME ""
| #define PACKAGE_VERSION ""
| #define PACKAGE_STRING ""
| #define PACKAGE_BUGREPORT ""
| #define PACKAGE_URL ""
| #define PACKAGE "ksimu51"
| #define VERSION "0.1"
| /* end confdefs.h.  */
| 
| int
| main ()
| {
| 
|   ;
|   return 0;
| }
configure:4647: g++ -c   conftest.cpp >&5
configure:4647: $? = 0
configure: failed program was:
| /* confdefs.h */
| #define PACKAGE_NAME ""
| #define PACKAGE_TARNAME ""
| #define PACKAGE_VERSION ""
| #define PACKAGE_STRING ""
| #define PACKAGE_BUGREPORT ""
| #define PACKAGE_URL ""
| #define PACKAGE "ksimu51"
| #define VERSION "0.1"
| /* end confdefs.h.  */
| 
| int
| main ()
| {
| 
|   ;
|   return 0;
| }
configure:4663: g++ -c -g  conftest.cpp >&5
configure:4663: $? = 0
configure: failed program was:
| /* confdefs.h */
| #define PACKAGE_NAME ""
| #define PACKAGE_TARNAME ""
| #define PACKAGE_VERSION ""
| #define PACKAGE_STRING ""
| #define PACKAGE_BUGREPORT ""
| #define PACKAGE_URL ""
| #define PACKAGE "ksimu51"
| #define VERSION "0.1"
| /* end confdefs.h.  */
| 
| int
| main ()
| {
| 
|   ;
|   return 0;
| }
configure:4673: result: no
configure:4698: checking dependency style of g++
configure:4781: result: gcc3
configure:4922: checking for gcc
configure:4949: result: gcc
configure:5178: checking for C compiler version
configure:5187: gcc --version >&5
gcc (GCC) 4.4.5 20101112 (Red Hat 4.4.5-2)
Copyright (C) 2010 Free Software Foundation, Inc.
This is free software; see the source for copying conditions.  There is NO
warranty; not even for MERCHANTABILITY or FITNESS FOR A PARTICULAR PURPOSE.

configure:5198: $? = 0
configure:5187: gcc -v >&5
Using built-in specs.
Target: i686-redhat-linux
Configured with: ../configure --prefix=/usr --mandir=/usr/share/man --infodir=/usr/share/info --with-bugurl=http://bugzilla.redhat.com/bugzilla --enable-bootstrap --enable-shared --enable-threads=posix --enable-checking=release --with-system-zlib --enable-__cxa_atexit --disable-libunwind-exceptions --enable-gnu-unique-object --enable-languages=c,c++,objc,obj-c++,java,fortran,ada --enable-java-awt=gtk --disable-dssi --with-java-home=/usr/lib/jvm/java-1.5.0-gcj-1.5.0.0/jre --enable-libgcj-multifile --enable-java-maintainer-mode --with-ecj-jar=/usr/share/java/eclipse-ecj.jar --disable-libjava-multilib --with-ppl --with-cloog --with-tune=generic --with-arch=i686 --build=i686-redhat-linux
Thread model: posix
gcc version 4.4.5 20101112 (Red Hat 4.4.5-2) (GCC) 
configure:5198: $? = 0
configure:5187: gcc -V >&5
gcc: '-V' option must have argument
configure:5198: $? = 1
configure:5187: gcc -qversion >&5
gcc: unrecognized option '-qversion'
gcc: no input files
configure:5198: $? = 1
configure:5218: checking whether the C compiler works
configure:5240: gcc     conftest.c  >&5
configure:5244: $? = 0
configure:5293: result: yes
configure:5296: checking for C compiler default output file name
configure:5298: result: a.out
configure:5304: checking for suffix of executables
configure:5311: gcc -o conftest     conftest.c  >&5
configure:5315: $? = 0
configure:5337: result: 
configure:5359: checking whether we are cross compiling
configure:5367: gcc -o conftest     conftest.c  >&5
configure:5371: $? = 0
configure:5378: ./conftest
configure:5382: $? = 0
configure:5397: result: no
configure:5402: checking for suffix of object files
configure:5424: gcc -c    conftest.c >&5
configure:5428: $? = 0
configure:5449: result: o
configure:5453: checking whether we are using the GNU C compiler
configure:5481: result: no
configure:5490: checking whether gcc accepts -g
configure:5551: result: no
configure:5568: checking for gcc option to accept ISO C89
configure:5648: result: unsupported
configure:5667: checking dependency style of gcc
configure:5750: result: gcc3
configure:5773: checking how to run the C preprocessor
configure:5804: gcc -E  conftest.c
configure:5804: $? = 0
configure:5818: gcc -E  conftest.c
conftest.c:11:28: error: ac_nonexistent.h: No such file or directory
configure:5818: $? = 1
configure: failed program was:
| /* confdefs.h */
| #define PACKAGE_NAME ""
| #define PACKAGE_TARNAME ""
| #define PACKAGE_VERSION ""
| #define PACKAGE_STRING ""
| #define PACKAGE_BUGREPORT ""
| #define PACKAGE_URL ""
| #define PACKAGE "ksimu51"
| #define VERSION "0.1"
| /* end confdefs.h.  */
| #include <ac_nonexistent.h>
configure:5843: result: gcc -E
configure:5863: gcc -E  conftest.c
configure:5863: $? = 0
configure:5877: gcc -E  conftest.c
conftest.c:11:28: error: ac_nonexistent.h: No such file or directory
configure:5877: $? = 1
configure: failed program was:
| /* confdefs.h */
| #define PACKAGE_NAME ""
| #define PACKAGE_TARNAME ""
| #define PACKAGE_VERSION ""
| #define PACKAGE_STRING ""
| #define PACKAGE_BUGREPORT ""
| #define PACKAGE_URL ""
| #define PACKAGE "ksimu51"
| #define VERSION "0.1"
| /* end confdefs.h.  */
| #include <ac_nonexistent.h>
configure:6046: checking for C++ compiler version
configure:6055: g++ --version >&5
g++ (GCC) 4.4.5 20101112 (Red Hat 4.4.5-2)
Copyright (C) 2010 Free Software Foundation, Inc.
This is free software; see the source for copying conditions.  There is NO
warranty; not even for MERCHANTABILITY or FITNESS FOR A PARTICULAR PURPOSE.

configure:6066: $? = 0
configure:6055: g++ -v >&5
Using built-in specs.
Target: i686-redhat-linux
Configured with: ../configure --prefix=/usr --mandir=/usr/share/man --infodir=/usr/share/info --with-bugurl=http://bugzilla.redhat.com/bugzilla --enable-bootstrap --enable-shared --enable-threads=posix --enable-checking=release --with-system-zlib --enable-__cxa_atexit --disable-libunwind-exceptions --enable-gnu-unique-object --enable-languages=c,c++,objc,obj-c++,java,fortran,ada --enable-java-awt=gtk --disable-dssi --with-java-home=/usr/lib/jvm/java-1.5.0-gcj-1.5.0.0/jre --enable-libgcj-multifile --enable-java-maintainer-mode --with-ecj-jar=/usr/share/java/eclipse-ecj.jar --disable-libjava-multilib --with-ppl --with-cloog --with-tune=generic --with-arch=i686 --build=i686-redhat-linux
Thread model: posix
gcc version 4.4.5 20101112 (Red Hat 4.4.5-2) (GCC) 
configure:6066: $? = 0
configure:6055: g++ -V >&5
g++: '-V' option must have argument
configure:6066: $? = 1
configure:6055: g++ -qversion >&5
g++: unrecognized option '-qversion'
g++: no input files
configure:6066: $? = 1
configure:6070: checking whether we are using the GNU C++ compiler
configure:6098: result: no
configure:6107: checking whether g++ accepts -g
configure:6168: result: no
configure:6193: checking dependency style of g++
configure:6276: result: gcc3
configure:6295: checking whether gcc is blacklisted
configure:6316: gcc -c    conftest.c >&5
configure:6316: $? = 0
configure:6324: result: no
configure:7710: checking how to run the C++ preprocessor
configure:7737: g++ -E  conftest.cpp
configure:7737: $? = 0
configure:7751: g++ -E  conftest.cpp
conftest.cpp:11:28: error: ac_nonexistent.h: No such file or directory
configure:7751: $? = 1
configure: failed program was:
| /* confdefs.h */
| #define PACKAGE_NAME ""
| #define PACKAGE_TARNAME ""
| #define PACKAGE_VERSION ""
| #define PACKAGE_STRING ""
| #define PACKAGE_BUGREPORT ""
| #define PACKAGE_URL ""
| #define PACKAGE "ksimu51"
| #define VERSION "0.1"
| /* end confdefs.h.  */
| #include <ac_nonexistent.h>
configure:7776: result: g++ -E
configure:7796: g++ -E  conftest.cpp
configure:7796: $? = 0
configure:7810: g++ -E  conftest.cpp
conftest.cpp:11:28: error: ac_nonexistent.h: No such file or directory
configure:7810: $? = 1
configure: failed program was:
| /* confdefs.h */
| #define PACKAGE_NAME ""
| #define PACKAGE_TARNAME ""
| #define PACKAGE_VERSION ""
| #define PACKAGE_STRING ""
| #define PACKAGE_BUGREPORT ""
| #define PACKAGE_URL ""
| #define PACKAGE "ksimu51"
| #define VERSION "0.1"
| /* end confdefs.h.  */
| #include <ac_nonexistent.h>
configure:7843: checking whether g++ supports -O0
configure:7873: rm -rf SunWS_cache; g++ -o conftest -O0 -g3 -O0   conftest.cpp  1>&5
configure:7873: $? = 0
configure:7889: result: yes
configure:8098: checking whether g++ supports -Wl,--no-undefined
configure:8128: rm -rf SunWS_cache; g++ -o conftest -O0 -g3 -Wl,--no-undefined   conftest.cpp  1>&5
configure:8128: $? = 0
configure:8144: result: yes
configure:8148: checking whether g++ supports -Wl,--allow-shlib-undefined
configure:8178: rm -rf SunWS_cache; g++ -o conftest -O0 -g3 -Wl,--allow-shlib-undefined   conftest.cpp  1>&5
configure:8178: $? = 0
configure:8194: result: yes
configure:8319: result: not using lib directory suffix
configure:8362: checking for a sed that does not truncate output
configure:8416: result: /bin/sed
configure:8419: checking for grep that handles long lines and -e
configure:8477: result: /bin/grep
configure:8482: checking for egrep
configure:8544: result: /bin/grep -E
configure:8593: checking for non-GNU ld
configure:8627: result: /usr/bin/ld
configure:8634: checking if the linker (/usr/bin/ld) is GNU ld
configure:8649: result: yes
configure:8654: checking for /usr/bin/ld option to reload object files
configure:8661: result: -r
configure:8670: checking for BSD-compatible nm
configure:8712: result: /usr/bin/nm -B
configure:8716: checking whether ln -s works
configure:8720: result: yes
configure:8727: checking how to recognise dependent libraries
configure:8934: result: pass_all
configure:9117: checking for ANSI C header files
configure:9137: gcc -c    conftest.c >&5
configure:9137: $? = 0
configure:9210: gcc -o conftest     conftest.c  >&5
configure:9210: $? = 0
configure:9210: ./conftest
configure:9210: $? = 0
configure:9221: result: yes
configure:9234: checking for sys/types.h
configure:9234: gcc -c    conftest.c >&5
configure:9234: $? = 0
configure:9234: result: yes
configure:9234: checking for sys/stat.h
configure:9234: gcc -c    conftest.c >&5
configure:9234: $? = 0
configure:9234: result: yes
configure:9234: checking for stdlib.h
configure:9234: gcc -c    conftest.c >&5
configure:9234: $? = 0
configure:9234: result: yes
configure:9234: checking for string.h
configure:9234: gcc -c    conftest.c >&5
configure:9234: $? = 0
configure:9234: result: yes
configure:9234: checking for memory.h
configure:9234: gcc -c    conftest.c >&5
configure:9234: $? = 0
configure:9234: result: yes
configure:9234: checking for strings.h
configure:9234: gcc -c    conftest.c >&5
configure:9234: $? = 0
configure:9234: result: yes
configure:9234: checking for inttypes.h
configure:9234: gcc -c    conftest.c >&5
configure:9234: $? = 0
configure:9234: result: yes
configure:9234: checking for stdint.h
configure:9234: gcc -c    conftest.c >&5
configure:9234: $? = 0
configure:9234: result: yes
configure:9234: checking for unistd.h
configure:9234: gcc -c    conftest.c >&5
configure:9234: $? = 0
configure:9234: result: yes
configure:9249: checking dlfcn.h usability
configure:9249: gcc -c    conftest.c >&5
configure:9249: $? = 0
configure:9249: result: yes
configure:9249: checking dlfcn.h presence
configure:9249: gcc -E  conftest.c
configure:9249: $? = 0
configure:9249: result: yes
configure:9249: checking for dlfcn.h
configure:9249: result: yes
configure:9312: checking for g77
configure:9342: result: no
configure:9312: checking for xlf
configure:9342: result: no
configure:9312: checking for f77
configure:9342: result: no
configure:9312: checking for frt
configure:9342: result: no
configure:9312: checking for pgf77
configure:9342: result: no
configure:9312: checking for cf77
configure:9342: result: no
configure:9312: checking for fort77
configure:9342: result: no
configure:9312: checking for fl32
configure:9342: result: no
configure:9312: checking for af77
configure:9342: result: no
configure:9312: checking for xlf90
configure:9342: result: no
configure:9312: checking for f90
configure:9342: result: no
configure:9312: checking for pgf90
configure:9342: result: no
configure:9312: checking for pghpf
configure:9342: result: no
configure:9312: checking for epcf90
configure:9342: result: no
configure:9312: checking for gfortran
configure:9328: found /usr/bin/gfortran
configure:9339: result: gfortran
configure:9365: checking for Fortran 77 compiler version
configure:9374: gfortran --version >&5
GNU Fortran (GCC) 4.4.5 20101112 (Red Hat 4.4.5-2)
Copyright (C) 2010 Free Software Foundation, Inc.

GNU Fortran comes with NO WARRANTY, to the extent permitted by law.
You may redistribute copies of GNU Fortran
under the terms of the GNU General Public License.
For more information about these matters, see the file named COPYING

configure:9385: $? = 0
configure:9374: gfortran -v >&5
Using built-in specs.
Target: i686-redhat-linux
Configured with: ../configure --prefix=/usr --mandir=/usr/share/man --infodir=/usr/share/info --with-bugurl=http://bugzilla.redhat.com/bugzilla --enable-bootstrap --enable-shared --enable-threads=posix --enable-checking=release --with-system-zlib --enable-__cxa_atexit --disable-libunwind-exceptions --enable-gnu-unique-object --enable-languages=c,c++,objc,obj-c++,java,fortran,ada --enable-java-awt=gtk --disable-dssi --with-java-home=/usr/lib/jvm/java-1.5.0-gcj-1.5.0.0/jre --enable-libgcj-multifile --enable-java-maintainer-mode --with-ecj-jar=/usr/share/java/eclipse-ecj.jar --disable-libjava-multilib --with-ppl --with-cloog --with-tune=generic --with-arch=i686 --build=i686-redhat-linux
Thread model: posix
gcc version 4.4.5 20101112 (Red Hat 4.4.5-2) (GCC) 
configure:9385: $? = 0
configure:9374: gfortran -V >&5
gfortran: '-V' option must have argument
configure:9385: $? = 1
configure:9374: gfortran -qversion >&5
gfortran: unrecognized option '-qversion'
gfortran: no input files
configure:9385: $? = 1
configure:9394: checking whether we are using the GNU Fortran 77 compiler
configure:9407: gfortran -c  conftest.F >&5
configure:9407: $? = 0
configure:9416: result: yes
configure:9422: checking whether gfortran accepts -g
configure:9433: gfortran -c -g conftest.f >&5
configure:9433: $? = 0
configure:9441: result: yes
configure:9475: checking the maximum length of command line arguments
configure:9534: result: 32768
configure:9545: checking command to parse /usr/bin/nm -B output from gcc object
configure:9634: gcc -c    conftest.c >&5
configure:9637: $? = 0
configure:9641: /usr/bin/nm -B conftest.o \| sed -n -e 's/^.*[ 	]\([ABCDGISTW][ABCDGISTW]*\)[ 	][ 	]*\(\)\([_A-Za-z][_A-Za-z0-9]*\)$/\1 \2\3 \3/p' \> conftest.nm
configure:9644: $? = 0
configure:9696: gcc -o conftest     conftest.c conftstm.o >&5
configure:9699: $? = 0
configure:9737: result: ok
configure:9741: checking for objdir
configure:9756: result: .libs
configure:9848: checking for ar
configure:9864: found /usr/bin/ar
configure:9875: result: ar
configure:9940: checking for ranlib
configure:9956: found /usr/bin/ranlib
configure:9967: result: ranlib
configure:10032: checking for strip
configure:10048: found /usr/bin/strip
configure:10059: result: strip
configure:10331: checking if gcc static flag  works
configure:10354: result: yes
configure:10420: checking for gcc option to produce PIC
configure:10597: result: 
configure:10662: checking if gcc supports -c -o file.o
configure:10690: gcc -c    -o out/conftest2.o conftest.c >&5
configure:10694: $? = 0
configure:10711: result: yes
configure:10737: checking whether the gcc linker (/usr/bin/ld) supports shared libraries
configure:11491: result: yes
configure:11562: checking dynamic linker characteristics
configure:12080: result: GNU/Linux ld.so
configure:12084: checking how to hardcode library paths into programs
configure:12109: result: immediate
configure:12123: checking whether stripping libraries is possible
configure:12128: result: yes
configure:12226: checking for shl_load
configure:12226: gcc -o conftest     conftest.c  >&5
/tmp/ccl60liW.o: In function `main':
conftest.c:(.text+0x7): undefined reference to `shl_load'
collect2: ld returned 1 exit status
configure:12226: $? = 1
configure: failed program was:
| /* confdefs.h */
| #define PACKAGE_NAME ""
| #define PACKAGE_TARNAME ""
| #define PACKAGE_VERSION ""
| #define PACKAGE_STRING ""
| #define PACKAGE_BUGREPORT ""
| #define PACKAGE_URL ""
| #define PACKAGE "ksimu51"
| #define VERSION "0.1"
| #define KDELIBSUFF ""
| #define STDC_HEADERS 1
| #define HAVE_SYS_TYPES_H 1
| #define HAVE_SYS_STAT_H 1
| #define HAVE_STDLIB_H 1
| #define HAVE_STRING_H 1
| #define HAVE_MEMORY_H 1
| #define HAVE_STRINGS_H 1
| #define HAVE_INTTYPES_H 1
| #define HAVE_STDINT_H 1
| #define HAVE_UNISTD_H 1
| #define HAVE_DLFCN_H 1
| /* end confdefs.h.  */
| /* Define shl_load to an innocuous variant, in case <limits.h> declares shl_load.
|    For example, HP-UX 11i <limits.h> declares gettimeofday.  */
| #define shl_load innocuous_shl_load
| 
| /* System header to define __stub macros and hopefully few prototypes,
|     which can conflict with char shl_load (); below.
|     Prefer <limits.h> to <assert.h> if __STDC__ is defined, since
|     <limits.h> exists even on freestanding compilers.  */
| 
| #ifdef __STDC__
| # include <limits.h>
| #else
| # include <assert.h>
| #endif
| 
| #undef shl_load
| 
| /* Override any GCC internal prototype to avoid an error.
|    Use char because int might match the return type of a GCC
|    builtin and then its argument prototype would still apply.  */
| #ifdef __cplusplus
| extern "C"
| #endif
| char shl_load ();
| /* The GNU C library defines this for functions which it implements
|     to always fail with ENOSYS.  Some functions are actually named
|     something starting with __ and the normal name is an alias.  */
| #if defined __stub_shl_load || defined __stub___shl_load
| choke me
| #endif
| 
| int
| main ()
| {
| return shl_load ();
|   ;
|   return 0;
| }
configure:12226: result: no
configure:12230: checking for shl_load in -ldld
configure:12255: gcc -o conftest     conftest.c -ldld   >&5
/usr/bin/ld: cannot find -ldld
collect2: ld returned 1 exit status
configure:12255: $? = 1
configure: failed program was:
| /* confdefs.h */
| #define PACKAGE_NAME ""
| #define PACKAGE_TARNAME ""
| #define PACKAGE_VERSION ""
| #define PACKAGE_STRING ""
| #define PACKAGE_BUGREPORT ""
| #define PACKAGE_URL ""
| #define PACKAGE "ksimu51"
| #define VERSION "0.1"
| #define KDELIBSUFF ""
| #define STDC_HEADERS 1
| #define HAVE_SYS_TYPES_H 1
| #define HAVE_SYS_STAT_H 1
| #define HAVE_STDLIB_H 1
| #define HAVE_STRING_H 1
| #define HAVE_MEMORY_H 1
| #define HAVE_STRINGS_H 1
| #define HAVE_INTTYPES_H 1
| #define HAVE_STDINT_H 1
| #define HAVE_UNISTD_H 1
| #define HAVE_DLFCN_H 1
| /* end confdefs.h.  */
| 
| /* Override any GCC internal prototype to avoid an error.
|    Use char because int might match the return type of a GCC
|    builtin and then its argument prototype would still apply.  */
| #ifdef __cplusplus
| extern "C"
| #endif
| char shl_load ();
| int
| main ()
| {
| return shl_load ();
|   ;
|   return 0;
| }
configure:12264: result: no
configure:12269: checking for dlopen
configure:12269: gcc -o conftest     conftest.c  >&5
/tmp/ccNVtNLk.o: In function `main':
conftest.c:(.text+0x7): undefined reference to `dlopen'
collect2: ld returned 1 exit status
configure:12269: $? = 1
configure: failed program was:
| /* confdefs.h */
| #define PACKAGE_NAME ""
| #define PACKAGE_TARNAME ""
| #define PACKAGE_VERSION ""
| #define PACKAGE_STRING ""
| #define PACKAGE_BUGREPORT ""
| #define PACKAGE_URL ""
| #define PACKAGE "ksimu51"
| #define VERSION "0.1"
| #define KDELIBSUFF ""
| #define STDC_HEADERS 1
| #define HAVE_SYS_TYPES_H 1
| #define HAVE_SYS_STAT_H 1
| #define HAVE_STDLIB_H 1
| #define HAVE_STRING_H 1
| #define HAVE_MEMORY_H 1
| #define HAVE_STRINGS_H 1
| #define HAVE_INTTYPES_H 1
| #define HAVE_STDINT_H 1
| #define HAVE_UNISTD_H 1
| #define HAVE_DLFCN_H 1
| /* end confdefs.h.  */
| /* Define dlopen to an innocuous variant, in case <limits.h> declares dlopen.
|    For example, HP-UX 11i <limits.h> declares gettimeofday.  */
| #define dlopen innocuous_dlopen
| 
| /* System header to define __stub macros and hopefully few prototypes,
|     which can conflict with char dlopen (); below.
|     Prefer <limits.h> to <assert.h> if __STDC__ is defined, since
|     <limits.h> exists even on freestanding compilers.  */
| 
| #ifdef __STDC__
| # include <limits.h>
| #else
| # include <assert.h>
| #endif
| 
| #undef dlopen
| 
| /* Override any GCC internal prototype to avoid an error.
|    Use char because int might match the return type of a GCC
|    builtin and then its argument prototype would still apply.  */
| #ifdef __cplusplus
| extern "C"
| #endif
| char dlopen ();
| /* The GNU C library defines this for functions which it implements
|     to always fail with ENOSYS.  Some functions are actually named
|     something starting with __ and the normal name is an alias.  */
| #if defined __stub_dlopen || defined __stub___dlopen
| choke me
| #endif
| 
| int
| main ()
| {
| return dlopen ();
|   ;
|   return 0;
| }
configure:12269: result: no
configure:12273: checking for dlopen in -ldl
configure:12298: gcc -o conftest     conftest.c -ldl   >&5
configure:12298: $? = 0
configure:12307: result: yes
configure:12426: checking whether a program can dlopen itself
configure:12498: gcc -o conftest    -DHAVE_DLFCN_H  --export-dynamic conftest.c -ldl  >&5
cc1: error: unrecognized command line option "-fexport-dynamic"
configure:12501: $? = 1
configure:12519: result: no
configure:12640: checking if libtool supports shared libraries
configure:12642: result: yes
configure:12645: checking whether to build shared libraries
configure:12703: result: yes
configure:12706: checking whether to build static libraries
configure:12710: result: no
configure:12801: creating libtool
configure:13481: checking whether the g++ linker (/usr/bin/ld) supports shared libraries
configure:14237: result: yes
configure:14255: g++ -c -O0 -g3  conftest.cc >&5
configure:14258: $? = 0
configure:14354: checking for g++ option to produce PIC
configure:14606: result: 
configure:14671: checking if g++ supports -c -o file.o
configure:14699: g++ -c -O0 -g3  -o out/conftest2.o conftest.cc >&5
configure:14703: $? = 0
configure:14720: result: yes
configure:14746: checking whether the g++ linker (/usr/bin/ld) supports shared libraries
configure:14771: result: yes
configure:14842: checking dynamic linker characteristics
configure:15360: result: GNU/Linux ld.so
configure:15364: checking how to hardcode library paths into programs
configure:15389: result: immediate
configure:15403: checking whether stripping libraries is possible
configure:15408: result: yes
configure:15506: checking for shl_load
configure:15506: result: no
configure:15510: checking for shl_load in -ldld
configure:15544: result: no
configure:15549: checking for dlopen
configure:15549: result: no
configure:15553: checking for dlopen in -ldl
configure:15587: result: yes
configure:15706: checking whether a program can dlopen itself
configure:15799: result: no
configure:16393: checking if libtool supports shared libraries
configure:16395: result: yes
configure:16398: checking whether to build shared libraries
configure:16416: result: yes
configure:16419: checking whether to build static libraries
configure:16423: result: no
configure:16435: checking for gfortran option to produce PIC
configure:16612: result: 
configure:16677: checking if gfortran supports -c -o file.o
configure:16705: gfortran -c -g -O2 -o out/conftest2.o conftest.f >&5
configure:16709: $? = 0
configure:16726: result: yes
configure:16752: checking whether the gfortran linker (/usr/bin/ld) supports shared libraries
configure:17494: result: yes
configure:17565: checking dynamic linker characteristics
configure:18083: result: GNU/Linux ld.so
configure:18087: checking how to hardcode library paths into programs
configure:18112: result: immediate
configure:18126: checking whether stripping libraries is possible
configure:18131: result: yes
configure:21801: checking for msgfmt
configure:21828: result: /usr/bin/msgfmt
configure:21837: checking for gmsgfmt
configure:21868: result: /usr/bin/msgfmt
configure:21888: checking for xgettext
configure:21915: result: /usr/bin/xgettext
configure:22034: checking if C++ programs can be compiled
configure:22058: g++ -c -O0 -g3  conftest.cpp >&5
configure:22058: $? = 0
configure:22068: result: yes
configure:22094: checking for strlcat
configure:22136: g++ -c -O0 -g3  conftest.cpp >&5
conftest.cpp: In function 'int main()':
conftest.cpp:35: error: 'strlcat' was not declared in this scope
configure:22136: $? = 1
configure: failed program was:
| /* confdefs.h */
| #define PACKAGE_NAME ""
| #define PACKAGE_TARNAME ""
| #define PACKAGE_VERSION ""
| #define PACKAGE_STRING ""
| #define PACKAGE_BUGREPORT ""
| #define PACKAGE_URL ""
| #define PACKAGE "ksimu51"
| #define VERSION "0.1"
| #define KDELIBSUFF ""
| #define STDC_HEADERS 1
| #define HAVE_SYS_TYPES_H 1
| #define HAVE_SYS_STAT_H 1
| #define HAVE_STDLIB_H 1
| #define HAVE_STRING_H 1
| #define HAVE_MEMORY_H 1
| #define HAVE_STRINGS_H 1
| #define HAVE_INTTYPES_H 1
| #define HAVE_STDINT_H 1
| #define HAVE_UNISTD_H 1
| #define HAVE_DLFCN_H 1
| #define HAVE_SGI_STL 1
| /* end confdefs.h.  */
| 
| 
| #include <string.h>
| 
| 
| int
| main ()
| {
| 
|  char buf[20];
|   buf[0]='\0';
|   strlcat(buf, "KDE function test", sizeof(buf));
| 
| 
|   ;
|   return 0;
| }
configure:22154: result: no
configure:22157: checking if strlcat needs custom prototype
configure:22232: result: yes - in libkdefakes
configure:22252: checking for strlcpy
configure:22293: g++ -c -O0 -g3  conftest.cpp >&5
conftest.cpp: In function 'int main()':
conftest.cpp:34: error: 'strlcpy' was not declared in this scope
configure:22293: $? = 1
configure: failed program was:
| /* confdefs.h */
| #define PACKAGE_NAME ""
| #define PACKAGE_TARNAME ""
| #define PACKAGE_VERSION ""
| #define PACKAGE_STRING ""
| #define PACKAGE_BUGREPORT ""
| #define PACKAGE_URL ""
| #define PACKAGE "ksimu51"
| #define VERSION "0.1"
| #define KDELIBSUFF ""
| #define STDC_HEADERS 1
| #define HAVE_SYS_TYPES_H 1
| #define HAVE_SYS_STAT_H 1
| #define HAVE_STDLIB_H 1
| #define HAVE_STRING_H 1
| #define HAVE_MEMORY_H 1
| #define HAVE_STRINGS_H 1
| #define HAVE_INTTYPES_H 1
| #define HAVE_STDINT_H 1
| #define HAVE_UNISTD_H 1
| #define HAVE_DLFCN_H 1
| #define HAVE_SGI_STL 1
| /* end confdefs.h.  */
| 
| 
| #include <string.h>
| 
| 
| int
| main ()
| {
| 
|  char buf[20];
|   strlcpy(buf, "KDE function test", sizeof(buf));
| 
| 
|   ;
|   return 0;
| }
configure:22311: result: no
configure:22314: checking if strlcpy needs custom prototype
configure:22388: result: yes - in libkdefakes
configure:22407: checking for main in -lutil
configure:22426: gcc -o conftest     conftest.c -lutil   >&5
configure:22426: $? = 0
configure:22435: result: yes
configure:22441: checking for main in -lcompat
configure:22460: gcc -o conftest     conftest.c -lcompat   >&5
/usr/bin/ld: cannot find -lcompat
collect2: ld returned 1 exit status
configure:22460: $? = 1
configure: failed program was:
| /* confdefs.h */
| #define PACKAGE_NAME ""
| #define PACKAGE_TARNAME ""
| #define PACKAGE_VERSION ""
| #define PACKAGE_STRING ""
| #define PACKAGE_BUGREPORT ""
| #define PACKAGE_URL ""
| #define PACKAGE "ksimu51"
| #define VERSION "0.1"
| #define KDELIBSUFF ""
| #define STDC_HEADERS 1
| #define HAVE_SYS_TYPES_H 1
| #define HAVE_SYS_STAT_H 1
| #define HAVE_STDLIB_H 1
| #define HAVE_STRING_H 1
| #define HAVE_MEMORY_H 1
| #define HAVE_STRINGS_H 1
| #define HAVE_INTTYPES_H 1
| #define HAVE_STDINT_H 1
| #define HAVE_UNISTD_H 1
| #define HAVE_DLFCN_H 1
| #define HAVE_SGI_STL 1
| /* end confdefs.h.  */
| 
| 
| int
| main ()
| {
| return main ();
|   ;
|   return 0;
| }
configure:22469: result: no
configure:22476: checking for crypt in -lcrypt
configure:22501: gcc -o conftest     conftest.c -lcrypt   >&5
configure:22501: $? = 0
configure:22510: result: yes
configure:22576: checking for socklen_t
configure:22606: g++ -c -O0 -g3  conftest.cpp >&5
configure:22606: $? = 0
configure:22622: result: yes
configure:22687: checking for dnet_ntoa in -ldnet
configure:22712: gcc -o conftest     conftest.c -ldnet   >&5
/usr/bin/ld: cannot find -ldnet
collect2: ld returned 1 exit status
configure:22712: $? = 1
configure: failed program was:
| /* confdefs.h */
| #define PACKAGE_NAME ""
| #define PACKAGE_TARNAME ""
| #define PACKAGE_VERSION ""
| #define PACKAGE_STRING ""
| #define PACKAGE_BUGREPORT ""
| #define PACKAGE_URL ""
| #define PACKAGE "ksimu51"
| #define VERSION "0.1"
| #define KDELIBSUFF ""
| #define STDC_HEADERS 1
| #define HAVE_SYS_TYPES_H 1
| #define HAVE_SYS_STAT_H 1
| #define HAVE_STDLIB_H 1
| #define HAVE_STRING_H 1
| #define HAVE_MEMORY_H 1
| #define HAVE_STRINGS_H 1
| #define HAVE_INTTYPES_H 1
| #define HAVE_STDINT_H 1
| #define HAVE_UNISTD_H 1
| #define HAVE_DLFCN_H 1
| #define HAVE_SGI_STL 1
| #define HAVE_CRYPT 1
| #define kde_socklen_t socklen_t
| #define ksize_t socklen_t
| /* end confdefs.h.  */
| 
| /* Override any GCC internal prototype to avoid an error.
|    Use char because int might match the return type of a GCC
|    builtin and then its argument prototype would still apply.  */
| #ifdef __cplusplus
| extern "C"
| #endif
| char dnet_ntoa ();
| int
| main ()
| {
| return dnet_ntoa ();
|   ;
|   return 0;
| }
configure:22721: result: no
configure:22728: checking for dnet_ntoa in -ldnet_stub
configure:22753: gcc -o conftest     conftest.c -ldnet_stub   >&5
/usr/bin/ld: cannot find -ldnet_stub
collect2: ld returned 1 exit status
configure:22753: $? = 1
configure: failed program was:
| /* confdefs.h */
| #define PACKAGE_NAME ""
| #define PACKAGE_TARNAME ""
| #define PACKAGE_VERSION ""
| #define PACKAGE_STRING ""
| #define PACKAGE_BUGREPORT ""
| #define PACKAGE_URL ""
| #define PACKAGE "ksimu51"
| #define VERSION "0.1"
| #define KDELIBSUFF ""
| #define STDC_HEADERS 1
| #define HAVE_SYS_TYPES_H 1
| #define HAVE_SYS_STAT_H 1
| #define HAVE_STDLIB_H 1
| #define HAVE_STRING_H 1
| #define HAVE_MEMORY_H 1
| #define HAVE_STRINGS_H 1
| #define HAVE_INTTYPES_H 1
| #define HAVE_STDINT_H 1
| #define HAVE_UNISTD_H 1
| #define HAVE_DLFCN_H 1
| #define HAVE_SGI_STL 1
| #define HAVE_CRYPT 1
| #define kde_socklen_t socklen_t
| #define ksize_t socklen_t
| /* end confdefs.h.  */
| 
| /* Override any GCC internal prototype to avoid an error.
|    Use char because int might match the return type of a GCC
|    builtin and then its argument prototype would still apply.  */
| #ifdef __cplusplus
| extern "C"
| #endif
| char dnet_ntoa ();
| int
| main ()
| {
| return dnet_ntoa ();
|   ;
|   return 0;
| }
configure:22762: result: no
configure:22769: checking for inet_ntoa
configure:22769: gcc -o conftest     conftest.c  >&5
configure:22769: $? = 0
configure:22769: result: yes
configure:22816: checking for connect
configure:22816: gcc -o conftest     conftest.c  >&5
configure:22816: $? = 0
configure:22816: result: yes
configure:22864: checking for remove
configure:22864: gcc -o conftest     conftest.c  >&5
configure:22864: $? = 0
configure:22864: result: yes
configure:22913: checking for shmat
configure:22913: gcc -o conftest     conftest.c  >&5
configure:22913: $? = 0
configure:22913: result: yes
configure:22964: checking for sys/types.h
configure:22964: result: yes
configure:22964: checking for stdint.h
configure:22964: result: yes
configure:22979: checking sys/bitypes.h usability
configure:22979: gcc -c    conftest.c >&5
configure:22979: $? = 0
configure:22979: result: yes
configure:22979: checking sys/bitypes.h presence
configure:22979: gcc -E  conftest.c
configure:22979: $? = 0
configure:22979: result: yes
configure:22979: checking for sys/bitypes.h
configure:22979: result: yes
configure:22991: checking for poll in -lpoll
configure:23016: gcc -o conftest     conftest.c -lpoll   >&5
/usr/bin/ld: cannot find -lpoll
collect2: ld returned 1 exit status
configure:23016: $? = 1
configure: failed program was:
| /* confdefs.h */
| #define PACKAGE_NAME ""
| #define PACKAGE_TARNAME ""
| #define PACKAGE_VERSION ""
| #define PACKAGE_STRING ""
| #define PACKAGE_BUGREPORT ""
| #define PACKAGE_URL ""
| #define PACKAGE "ksimu51"
| #define VERSION "0.1"
| #define KDELIBSUFF ""
| #define STDC_HEADERS 1
| #define HAVE_SYS_TYPES_H 1
| #define HAVE_SYS_STAT_H 1
| #define HAVE_STDLIB_H 1
| #define HAVE_STRING_H 1
| #define HAVE_MEMORY_H 1
| #define HAVE_STRINGS_H 1
| #define HAVE_INTTYPES_H 1
| #define HAVE_STDINT_H 1
| #define HAVE_UNISTD_H 1
| #define HAVE_DLFCN_H 1
| #define HAVE_SGI_STL 1
| #define HAVE_CRYPT 1
| #define kde_socklen_t socklen_t
| #define ksize_t socklen_t
| #define HAVE_SYS_TYPES_H 1
| #define HAVE_STDINT_H 1
| #define HAVE_SYS_BITYPES_H 1
| /* end confdefs.h.  */
| 
| /* Override any GCC internal prototype to avoid an error.
|    Use char because int might match the return type of a GCC
|    builtin and then its argument prototype would still apply.  */
| #ifdef __cplusplus
| extern "C"
| #endif
| char poll ();
| int
| main ()
| {
| return poll ();
|   ;
|   return 0;
| }
configure:23025: result: no
configure:23035: checking Carbon/Carbon.h usability
configure:23035: gcc -c    conftest.c >&5
conftest.c:63:27: error: Carbon/Carbon.h: No such file or directory
configure:23035: $? = 1
configure: failed program was:
| /* confdefs.h */
| #define PACKAGE_NAME ""
| #define PACKAGE_TARNAME ""
| #define PACKAGE_VERSION ""
| #define PACKAGE_STRING ""
| #define PACKAGE_BUGREPORT ""
| #define PACKAGE_URL ""
| #define PACKAGE "ksimu51"
| #define VERSION "0.1"
| #define KDELIBSUFF ""
| #define STDC_HEADERS 1
| #define HAVE_SYS_TYPES_H 1
| #define HAVE_SYS_STAT_H 1
| #define HAVE_STDLIB_H 1
| #define HAVE_STRING_H 1
| #define HAVE_MEMORY_H 1
| #define HAVE_STRINGS_H 1
| #define HAVE_INTTYPES_H 1
| #define HAVE_STDINT_H 1
| #define HAVE_UNISTD_H 1
| #define HAVE_DLFCN_H 1
| #define HAVE_SGI_STL 1
| #define HAVE_CRYPT 1
| #define kde_socklen_t socklen_t
| #define ksize_t socklen_t
| #define HAVE_SYS_TYPES_H 1
| #define HAVE_STDINT_H 1
| #define HAVE_SYS_BITYPES_H 1
| /* end confdefs.h.  */
| #include <stdio.h>
| #ifdef HAVE_SYS_TYPES_H
| # include <sys/types.h>
| #endif
| #ifdef HAVE_SYS_STAT_H
| # include <sys/stat.h>
| #endif
| #ifdef STDC_HEADERS
| # include <stdlib.h>
| # include <stddef.h>
| #else
| # ifdef HAVE_STDLIB_H
| #  include <stdlib.h>
| # endif
| #endif
| #ifdef HAVE_STRING_H
| # if !defined STDC_HEADERS && defined HAVE_MEMORY_H
| #  include <memory.h>
| # endif
| # include <string.h>
| #endif
| #ifdef HAVE_STRINGS_H
| # include <strings.h>
| #endif
| #ifdef HAVE_INTTYPES_H
| # include <inttypes.h>
| #endif
| #ifdef HAVE_STDINT_H
| # include <stdint.h>
| #endif
| #ifdef HAVE_UNISTD_H
| # include <unistd.h>
| #endif
| #include <Carbon/Carbon.h>
configure:23035: result: no
configure:23035: checking Carbon/Carbon.h presence
configure:23035: gcc -E  conftest.c
conftest.c:30:27: error: Carbon/Carbon.h: No such file or directory
configure:23035: $? = 1
configure: failed program was:
| /* confdefs.h */
| #define PACKAGE_NAME ""
| #define PACKAGE_TARNAME ""
| #define PACKAGE_VERSION ""
| #define PACKAGE_STRING ""
| #define PACKAGE_BUGREPORT ""
| #define PACKAGE_URL ""
| #define PACKAGE "ksimu51"
| #define VERSION "0.1"
| #define KDELIBSUFF ""
| #define STDC_HEADERS 1
| #define HAVE_SYS_TYPES_H 1
| #define HAVE_SYS_STAT_H 1
| #define HAVE_STDLIB_H 1
| #define HAVE_STRING_H 1
| #define HAVE_MEMORY_H 1
| #define HAVE_STRINGS_H 1
| #define HAVE_INTTYPES_H 1
| #define HAVE_STDINT_H 1
| #define HAVE_UNISTD_H 1
| #define HAVE_DLFCN_H 1
| #define HAVE_SGI_STL 1
| #define HAVE_CRYPT 1
| #define kde_socklen_t socklen_t
| #define ksize_t socklen_t
| #define HAVE_SYS_TYPES_H 1
| #define HAVE_STDINT_H 1
| #define HAVE_SYS_BITYPES_H 1
| /* end confdefs.h.  */
| #include <Carbon/Carbon.h>
configure:23035: result: no
configure:23035: checking for Carbon/Carbon.h
configure:23035: result: no
configure:23047: checking CoreAudio/CoreAudio.h usability
configure:23047: gcc -c    conftest.c >&5
conftest.c:63:33: error: CoreAudio/CoreAudio.h: No such file or directory
configure:23047: $? = 1
configure: failed program was:
| /* confdefs.h */
| #define PACKAGE_NAME ""
| #define PACKAGE_TARNAME ""
| #define PACKAGE_VERSION ""
| #define PACKAGE_STRING ""
| #define PACKAGE_BUGREPORT ""
| #define PACKAGE_URL ""
| #define PACKAGE "ksimu51"
| #define VERSION "0.1"
| #define KDELIBSUFF ""
| #define STDC_HEADERS 1
| #define HAVE_SYS_TYPES_H 1
| #define HAVE_SYS_STAT_H 1
| #define HAVE_STDLIB_H 1
| #define HAVE_STRING_H 1
| #define HAVE_MEMORY_H 1
| #define HAVE_STRINGS_H 1
| #define HAVE_INTTYPES_H 1
| #define HAVE_STDINT_H 1
| #define HAVE_UNISTD_H 1
| #define HAVE_DLFCN_H 1
| #define HAVE_SGI_STL 1
| #define HAVE_CRYPT 1
| #define kde_socklen_t socklen_t
| #define ksize_t socklen_t
| #define HAVE_SYS_TYPES_H 1
| #define HAVE_STDINT_H 1
| #define HAVE_SYS_BITYPES_H 1
| /* end confdefs.h.  */
| #include <stdio.h>
| #ifdef HAVE_SYS_TYPES_H
| # include <sys/types.h>
| #endif
| #ifdef HAVE_SYS_STAT_H
| # include <sys/stat.h>
| #endif
| #ifdef STDC_HEADERS
| # include <stdlib.h>
| # include <stddef.h>
| #else
| # ifdef HAVE_STDLIB_H
| #  include <stdlib.h>
| # endif
| #endif
| #ifdef HAVE_STRING_H
| # if !defined STDC_HEADERS && defined HAVE_MEMORY_H
| #  include <memory.h>
| # endif
| # include <string.h>
| #endif
| #ifdef HAVE_STRINGS_H
| # include <strings.h>
| #endif
| #ifdef HAVE_INTTYPES_H
| # include <inttypes.h>
| #endif
| #ifdef HAVE_STDINT_H
| # include <stdint.h>
| #endif
| #ifdef HAVE_UNISTD_H
| # include <unistd.h>
| #endif
| #include <CoreAudio/CoreAudio.h>
configure:23047: result: no
configure:23047: checking CoreAudio/CoreAudio.h presence
configure:23047: gcc -E  conftest.c
conftest.c:30:33: error: CoreAudio/CoreAudio.h: No such file or directory
configure:23047: $? = 1
configure: failed program was:
| /* confdefs.h */
| #define PACKAGE_NAME ""
| #define PACKAGE_TARNAME ""
| #define PACKAGE_VERSION ""
| #define PACKAGE_STRING ""
| #define PACKAGE_BUGREPORT ""
| #define PACKAGE_URL ""
| #define PACKAGE "ksimu51"
| #define VERSION "0.1"
| #define KDELIBSUFF ""
| #define STDC_HEADERS 1
| #define HAVE_SYS_TYPES_H 1
| #define HAVE_SYS_STAT_H 1
| #define HAVE_STDLIB_H 1
| #define HAVE_STRING_H 1
| #define HAVE_MEMORY_H 1
| #define HAVE_STRINGS_H 1
| #define HAVE_INTTYPES_H 1
| #define HAVE_STDINT_H 1
| #define HAVE_UNISTD_H 1
| #define HAVE_DLFCN_H 1
| #define HAVE_SGI_STL 1
| #define HAVE_CRYPT 1
| #define kde_socklen_t socklen_t
| #define ksize_t socklen_t
| #define HAVE_SYS_TYPES_H 1
| #define HAVE_STDINT_H 1
| #define HAVE_SYS_BITYPES_H 1
| /* end confdefs.h.  */
| #include <CoreAudio/CoreAudio.h>
configure:23047: result: no
configure:23047: checking for CoreAudio/CoreAudio.h
configure:23047: result: no
configure:23060: checking if res_init needs -lresolv
configure:23082: gcc -o conftest     conftest.c   -lresolv >&5
configure:23082: $? = 0
configure:23085: result: yes
configure:23102: checking for res_init
configure:23144: g++ -c -O0 -g3  conftest.cpp >&5
configure:23144: $? = 0
configure:23162: result: yes
configure:23165: checking if res_init needs custom prototype
configure:23240: result: no
configure:23263: checking for killpg in -lucb
configure:23288: gcc -o conftest     conftest.c -lucb   >&5
/usr/bin/ld: cannot find -lucb
collect2: ld returned 1 exit status
configure:23288: $? = 1
configure: failed program was:
| /* confdefs.h */
| #define PACKAGE_NAME ""
| #define PACKAGE_TARNAME ""
| #define PACKAGE_VERSION ""
| #define PACKAGE_STRING ""
| #define PACKAGE_BUGREPORT ""
| #define PACKAGE_URL ""
| #define PACKAGE "ksimu51"
| #define VERSION "0.1"
| #define KDELIBSUFF ""
| #define STDC_HEADERS 1
| #define HAVE_SYS_TYPES_H 1
| #define HAVE_SYS_STAT_H 1
| #define HAVE_STDLIB_H 1
| #define HAVE_STRING_H 1
| #define HAVE_MEMORY_H 1
| #define HAVE_STRINGS_H 1
| #define HAVE_INTTYPES_H 1
| #define HAVE_STDINT_H 1
| #define HAVE_UNISTD_H 1
| #define HAVE_DLFCN_H 1
| #define HAVE_SGI_STL 1
| #define HAVE_CRYPT 1
| #define kde_socklen_t socklen_t
| #define ksize_t socklen_t
| #define HAVE_SYS_TYPES_H 1
| #define HAVE_STDINT_H 1
| #define HAVE_SYS_BITYPES_H 1
| #define HAVE_RES_INIT 1
| #define HAVE_RES_INIT 1
| #define HAVE_RES_INIT_PROTO 1
| /* end confdefs.h.  */
| 
| /* Override any GCC internal prototype to avoid an error.
|    Use char because int might match the return type of a GCC
|    builtin and then its argument prototype would still apply.  */
| #ifdef __cplusplus
| extern "C"
| #endif
| char killpg ();
| int
| main ()
| {
| return killpg ();
|   ;
|   return 0;
| }
configure:23297: result: no
configure:23356: checking size of int
configure:23361: gcc -o conftest     conftest.c  >&5
configure:23361: $? = 0
configure:23361: ./conftest
configure:23361: $? = 0
configure:23376: result: 4
configure:23389: checking size of short
configure:23394: gcc -o conftest     conftest.c  >&5
configure:23394: $? = 0
configure:23394: ./conftest
configure:23394: $? = 0
configure:23409: result: 2
configure:23422: checking size of long
configure:23427: gcc -o conftest     conftest.c  >&5
configure:23427: $? = 0
configure:23427: ./conftest
configure:23427: $? = 0
configure:23442: result: 4
configure:23455: checking size of char *
configure:23460: gcc -o conftest     conftest.c  >&5
configure:23460: $? = 0
configure:23460: ./conftest
configure:23460: $? = 0
configure:23475: result: 4
configure:23486: checking for dlopen in -ldl
configure:23520: result: yes
configure:23530: checking for shl_unload in -ldld
configure:23555: gcc -o conftest     conftest.c -ldld   >&5
/usr/bin/ld: cannot find -ldld
collect2: ld returned 1 exit status
configure:23555: $? = 1
configure: failed program was:
| /* confdefs.h */
| #define PACKAGE_NAME ""
| #define PACKAGE_TARNAME ""
| #define PACKAGE_VERSION ""
| #define PACKAGE_STRING ""
| #define PACKAGE_BUGREPORT ""
| #define PACKAGE_URL ""
| #define PACKAGE "ksimu51"
| #define VERSION "0.1"
| #define KDELIBSUFF ""
| #define STDC_HEADERS 1
| #define HAVE_SYS_TYPES_H 1
| #define HAVE_SYS_STAT_H 1
| #define HAVE_STDLIB_H 1
| #define HAVE_STRING_H 1
| #define HAVE_MEMORY_H 1
| #define HAVE_STRINGS_H 1
| #define HAVE_INTTYPES_H 1
| #define HAVE_STDINT_H 1
| #define HAVE_UNISTD_H 1
| #define HAVE_DLFCN_H 1
| #define HAVE_SGI_STL 1
| #define HAVE_CRYPT 1
| #define kde_socklen_t socklen_t
| #define ksize_t socklen_t
| #define HAVE_SYS_TYPES_H 1
| #define HAVE_STDINT_H 1
| #define HAVE_SYS_BITYPES_H 1
| #define HAVE_RES_INIT 1
| #define HAVE_RES_INIT 1
| #define HAVE_RES_INIT_PROTO 1
| #define SIZEOF_INT 4
| #define SIZEOF_SHORT 2
| #define SIZEOF_LONG 4
| #define SIZEOF_CHAR_P 4
| /* end confdefs.h.  */
| 
| /* Override any GCC internal prototype to avoid an error.
|    Use char because int might match the return type of a GCC
|    builtin and then its argument prototype would still apply.  */
| #ifdef __cplusplus
| extern "C"
| #endif
| char shl_unload ();
| int
| main ()
| {
| return shl_unload ();
|   ;
|   return 0;
| }
configure:23564: result: no
configure:23583: checking size of size_t
configure:23588: gcc -o conftest     conftest.c  >&5
configure:23588: $? = 0
configure:23588: ./conftest
configure:23588: $? = 0
configure:23603: result: 4
configure:23617: checking size of unsigned long
configure:23622: gcc -o conftest     conftest.c  >&5
configure:23622: $? = 0
configure:23622: ./conftest
configure:23622: $? = 0
configure:23637: result: 4
configure:23648: checking sizeof size_t == sizeof unsigned long
configure:23665: gcc -c    conftest.c >&5
configure:23665: $? = 0
configure:23666: result: yes
configure:23681: checking for PIE support
configure:23713: rm -rf SunWS_cache; g++ -o conftest -O0 -g3 -fPIE   -pie conftest.cpp  1>&5
configure:23713: $? = 0
configure:23731: result: yes
configure:23734: checking if enabling -pie/fPIE support
configure:23749: result: yes
configure:23767: checking crt_externs.h usability
configure:23767: gcc -c    conftest.c >&5
conftest.c:72:25: error: crt_externs.h: No such file or directory
configure:23767: $? = 1
configure: failed program was:
| /* confdefs.h */
| #define PACKAGE_NAME ""
| #define PACKAGE_TARNAME ""
| #define PACKAGE_VERSION ""
| #define PACKAGE_STRING ""
| #define PACKAGE_BUGREPORT ""
| #define PACKAGE_URL ""
| #define PACKAGE "ksimu51"
| #define VERSION "0.1"
| #define KDELIBSUFF ""
| #define STDC_HEADERS 1
| #define HAVE_SYS_TYPES_H 1
| #define HAVE_SYS_STAT_H 1
| #define HAVE_STDLIB_H 1
| #define HAVE_STRING_H 1
| #define HAVE_MEMORY_H 1
| #define HAVE_STRINGS_H 1
| #define HAVE_INTTYPES_H 1
| #define HAVE_STDINT_H 1
| #define HAVE_UNISTD_H 1
| #define HAVE_DLFCN_H 1
| #define HAVE_SGI_STL 1
| #define HAVE_CRYPT 1
| #define kde_socklen_t socklen_t
| #define ksize_t socklen_t
| #define HAVE_SYS_TYPES_H 1
| #define HAVE_STDINT_H 1
| #define HAVE_SYS_BITYPES_H 1
| #define HAVE_RES_INIT 1
| #define HAVE_RES_INIT 1
| #define HAVE_RES_INIT_PROTO 1
| #define SIZEOF_INT 4
| #define SIZEOF_SHORT 2
| #define SIZEOF_LONG 4
| #define SIZEOF_CHAR_P 4
| #define SIZEOF_SIZE_T 4
| #define SIZEOF_UNSIGNED_LONG 4
| /* end confdefs.h.  */
| #include <stdio.h>
| #ifdef HAVE_SYS_TYPES_H
| # include <sys/types.h>
| #endif
| #ifdef HAVE_SYS_STAT_H
| # include <sys/stat.h>
| #endif
| #ifdef STDC_HEADERS
| # include <stdlib.h>
| # include <stddef.h>
| #else
| # ifdef HAVE_STDLIB_H
| #  include <stdlib.h>
| # endif
| #endif
| #ifdef HAVE_STRING_H
| # if !defined STDC_HEADERS && defined HAVE_MEMORY_H
| #  include <memory.h>
| # endif
| # include <string.h>
| #endif
| #ifdef HAVE_STRINGS_H
| # include <strings.h>
| #endif
| #ifdef HAVE_INTTYPES_H
| # include <inttypes.h>
| #endif
| #ifdef HAVE_STDINT_H
| # include <stdint.h>
| #endif
| #ifdef HAVE_UNISTD_H
| # include <unistd.h>
| #endif
| #include <crt_externs.h>
configure:23767: result: no
configure:23767: checking crt_externs.h presence
configure:23767: gcc -E  conftest.c
conftest.c:39:25: error: crt_externs.h: No such file or directory
configure:23767: $? = 1
configure: failed program was:
| /* confdefs.h */
| #define PACKAGE_NAME ""
| #define PACKAGE_TARNAME ""
| #define PACKAGE_VERSION ""
| #define PACKAGE_STRING ""
| #define PACKAGE_BUGREPORT ""
| #define PACKAGE_URL ""
| #define PACKAGE "ksimu51"
| #define VERSION "0.1"
| #define KDELIBSUFF ""
| #define STDC_HEADERS 1
| #define HAVE_SYS_TYPES_H 1
| #define HAVE_SYS_STAT_H 1
| #define HAVE_STDLIB_H 1
| #define HAVE_STRING_H 1
| #define HAVE_MEMORY_H 1
| #define HAVE_STRINGS_H 1
| #define HAVE_INTTYPES_H 1
| #define HAVE_STDINT_H 1
| #define HAVE_UNISTD_H 1
| #define HAVE_DLFCN_H 1
| #define HAVE_SGI_STL 1
| #define HAVE_CRYPT 1
| #define kde_socklen_t socklen_t
| #define ksize_t socklen_t
| #define HAVE_SYS_TYPES_H 1
| #define HAVE_STDINT_H 1
| #define HAVE_SYS_BITYPES_H 1
| #define HAVE_RES_INIT 1
| #define HAVE_RES_INIT 1
| #define HAVE_RES_INIT_PROTO 1
| #define SIZEOF_INT 4
| #define SIZEOF_SHORT 2
| #define SIZEOF_LONG 4
| #define SIZEOF_CHAR_P 4
| #define SIZEOF_SIZE_T 4
| #define SIZEOF_UNSIGNED_LONG 4
| /* end confdefs.h.  */
| #include <crt_externs.h>
configure:23767: result: no
configure:23767: checking for crt_externs.h
configure:23767: result: no
configure:23777: checking for _NSGetEnviron
configure:23777: gcc -o conftest     conftest.c  >&5
/tmp/ccefXzeP.o: In function `main':
conftest.c:(.text+0x7): undefined reference to `_NSGetEnviron'
collect2: ld returned 1 exit status
configure:23777: $? = 1
configure: failed program was:
| /* confdefs.h */
| #define PACKAGE_NAME ""
| #define PACKAGE_TARNAME ""
| #define PACKAGE_VERSION ""
| #define PACKAGE_STRING ""
| #define PACKAGE_BUGREPORT ""
| #define PACKAGE_URL ""
| #define PACKAGE "ksimu51"
| #define VERSION "0.1"
| #define KDELIBSUFF ""
| #define STDC_HEADERS 1
| #define HAVE_SYS_TYPES_H 1
| #define HAVE_SYS_STAT_H 1
| #define HAVE_STDLIB_H 1
| #define HAVE_STRING_H 1
| #define HAVE_MEMORY_H 1
| #define HAVE_STRINGS_H 1
| #define HAVE_INTTYPES_H 1
| #define HAVE_STDINT_H 1
| #define HAVE_UNISTD_H 1
| #define HAVE_DLFCN_H 1
| #define HAVE_SGI_STL 1
| #define HAVE_CRYPT 1
| #define kde_socklen_t socklen_t
| #define ksize_t socklen_t
| #define HAVE_SYS_TYPES_H 1
| #define HAVE_STDINT_H 1
| #define HAVE_SYS_BITYPES_H 1
| #define HAVE_RES_INIT 1
| #define HAVE_RES_INIT 1
| #define HAVE_RES_INIT_PROTO 1
| #define SIZEOF_INT 4
| #define SIZEOF_SHORT 2
| #define SIZEOF_LONG 4
| #define SIZEOF_CHAR_P 4
| #define SIZEOF_SIZE_T 4
| #define SIZEOF_UNSIGNED_LONG 4
| /* end confdefs.h.  */
| /* Define _NSGetEnviron to an innocuous variant, in case <limits.h> declares _NSGetEnviron.
|    For example, HP-UX 11i <limits.h> declares gettimeofday.  */
| #define _NSGetEnviron innocuous__NSGetEnviron
| 
| /* System header to define __stub macros and hopefully few prototypes,
|     which can conflict with char _NSGetEnviron (); below.
|     Prefer <limits.h> to <assert.h> if __STDC__ is defined, since
|     <limits.h> exists even on freestanding compilers.  */
| 
| #ifdef __STDC__
| # include <limits.h>
| #else
| # include <assert.h>
| #endif
| 
| #undef _NSGetEnviron
| 
| /* Override any GCC internal prototype to avoid an error.
|    Use char because int might match the return type of a GCC
|    builtin and then its argument prototype would still apply.  */
| #ifdef __cplusplus
| extern "C"
| #endif
| char _NSGetEnviron ();
| /* The GNU C library defines this for functions which it implements
|     to always fail with ENOSYS.  Some functions are actually named
|     something starting with __ and the normal name is an alias.  */
| #if defined __stub__NSGetEnviron || defined __stub____NSGetEnviron
| choke me
| #endif
| 
| int
| main ()
| {
| return _NSGetEnviron ();
|   ;
|   return 0;
| }
configure:23777: result: no
configure:23792: checking for vsnprintf
configure:23792: gcc -o conftest     conftest.c  >&5
conftest.c:62: warning: conflicting types for built-in function 'vsnprintf'
configure:23792: $? = 0
configure:23792: result: yes
configure:23792: checking for snprintf
configure:23792: gcc -o conftest     conftest.c  >&5
conftest.c:63: warning: conflicting types for built-in function 'snprintf'
configure:23792: $? = 0
configure:23792: result: yes
configure:23850: checking for X
configure:23884: gcc -E  conftest.c
configure:23884: $? = 0
configure:23956: gcc -o conftest     conftest.c -lXt  >&5
configure:23956: $? = 0
configure:24099: result: libraries /usr/lib, headers .
configure:24128: checking for IceConnectionNumber in -lICE
configure:24153: gcc -o conftest     -L/usr/lib conftest.c -lICE   >&5
configure:24153: $? = 0
configure:24162: result: yes
configure:24172: checking for libXext
configure:24202: gcc -o conftest     -L/usr/lib  conftest.c -lXext -lX11  >&5
configure:24202: $? = 0
configure:24217: result: yes
configure:24338: checking for pthread_create in -lpthread
configure:24363: gcc -o conftest     conftest.c -lpthread   >&5
configure:24363: $? = 0
configure:24372: result: yes
configure:24563: checking for extra includes
configure:24591: result: no
configure:24595: checking for extra libs
configure:24624: result: no
configure:24630: checking for libz
configure:24660: gcc -o conftest   -I.   -D_REENTRANT  conftest.c -L/usr/lib    -lz  >&5
configure:24660: $? = 0
configure:24678: result: -lz
configure:24693: checking for libpng
configure:24725: gcc -o conftest   -I.   -D_REENTRANT  conftest.c  -L/usr/lib    -lpng -lz -lm -lX11  >&5
configure:24725: $? = 0
configure:24745: result: -lpng -lz -lm
configure:24756: checking for libjpeg6b
configure:24785: gcc -o conftest   -I.   -D_REENTRANT  conftest.c -L/usr/lib    -ljpeg6b -lm >&5
/usr/bin/ld: cannot find -ljpeg6b
collect2: ld returned 1 exit status
configure:24785: $? = 1
configure: failed program was:
| /* confdefs.h */
| #define PACKAGE_NAME ""
| #define PACKAGE_TARNAME ""
| #define PACKAGE_VERSION ""
| #define PACKAGE_STRING ""
| #define PACKAGE_BUGREPORT ""
| #define PACKAGE_URL ""
| #define PACKAGE "ksimu51"
| #define VERSION "0.1"
| #define KDELIBSUFF ""
| #define STDC_HEADERS 1
| #define HAVE_SYS_TYPES_H 1
| #define HAVE_SYS_STAT_H 1
| #define HAVE_STDLIB_H 1
| #define HAVE_STRING_H 1
| #define HAVE_MEMORY_H 1
| #define HAVE_STRINGS_H 1
| #define HAVE_INTTYPES_H 1
| #define HAVE_STDINT_H 1
| #define HAVE_UNISTD_H 1
| #define HAVE_DLFCN_H 1
| #define HAVE_SGI_STL 1
| #define HAVE_CRYPT 1
| #define kde_socklen_t socklen_t
| #define ksize_t socklen_t
| #define HAVE_SYS_TYPES_H 1
| #define HAVE_STDINT_H 1
| #define HAVE_SYS_BITYPES_H 1
| #define HAVE_RES_INIT 1
| #define HAVE_RES_INIT 1
| #define HAVE_RES_INIT_PROTO 1
| #define SIZEOF_INT 4
| #define SIZEOF_SHORT 2
| #define SIZEOF_LONG 4
| #define SIZEOF_CHAR_P 4
| #define SIZEOF_SIZE_T 4
| #define SIZEOF_UNSIGNED_LONG 4
| #define HAVE_VSNPRINTF 1
| #define HAVE_SNPRINTF 1
| #define HAVE_LIBZ 1
| #define HAVE_LIBPNG 1
| /* end confdefs.h.  */
| 
| #ifdef __cplusplus
| extern "C" {
| #endif
| void jpeg_CreateDecompress();
| #ifdef __cplusplus
| }
| #endif
| 
| int
| main ()
| {
| jpeg_CreateDecompress();
|   ;
|   return 0;
| }
configure:24803: result: no
configure:24806: checking for libjpeg
configure:24835: gcc -o conftest   -I.   -D_REENTRANT  conftest.c -L/usr/lib    -ljpeg -lm >&5
configure:24835: $? = 0
configure:24850: result: -ljpeg
configure: 24874: ${prefix}/include/jpeglib.h
configure: 24874: /usr/include/jpeglib.h
taking that
configure:24920: checking for perl
configure:24977: result: /usr/bin/perl
configure:25101: checking for Qt
configure: 25166: /usr/lib/qt-3.3/include/qstyle.h
taking that
tried NO
configure:25283: rm -rf SunWS_cache; g++ -o conftest -O0 -g3 -I/usr/lib/qt-3.3/include -I.  -DQT_THREAD_SUPPORT  -D_REENTRANT  -L/usr/lib/qt-3.3/lib -L/usr/lib     conftest.cpp  -lqt-mt -lpng -lz -lm -ljpeg -ldl  -lXext -lX11 -lSM -lICE  -lpthread 1>&5
configure:25286: $? = 0
configure:25342: result: libraries /usr/lib/qt-3.3/lib, headers /usr/lib/qt-3.3/include using -mt
configure:25523: checking for moc
configure:25586: result: /usr/lib/qt-3.3/bin/moc
configure:25594: checking for uic
configure:25648: result: /usr/lib/qt-3.3/bin/uic
configure:25679: checking whether uic supports -L 
configure:25690: /usr/lib/qt-3.3/bin/uic -L /nonexistent conftest.ui >/dev/null
configure:25693: $? = 0
configure:25705: result: yes
configure:25717: checking whether uic supports -nounload 
configure:25728: /usr/lib/qt-3.3/bin/uic -nounload  conftest.ui >/dev/null
configure:25731: $? = 0
configure:25743: result: yes
configure:25780: checking if Qt needs -ljpeg
configure:25815: rm -rf SunWS_cache; g++ -o conftest -O0 -g3 -I/usr/lib/qt-3.3/include -I.   -DQT_THREAD_SUPPORT  -D_REENTRANT  conftest.cpp -L/usr/lib/qt-3.3/lib -L/usr/lib -lqt-mt -lpng -lz -lm  -ldl -lXext -lX11 -lSM -lICE 1>&5
configure:25815: $? = 0
configure:25840: result: no
configure:25872: checking for rpath
configure:25904: result: yes
configure:25907: checking for KDE
configure: 25960: /usr/include/ksharedptr.h
configure: 25960: /usr/include/ksharedptr.h
configure: 25960: /usr/lib/kde/include/ksharedptr.h
configure: 25960: /usr/local/kde/include/ksharedptr.h
configure: 25960: /usr/local/include/ksharedptr.h
configure: 25960: /usr/kde/include/ksharedptr.h
configure: 25960: /usr/include/kde/ksharedptr.h
taking that
configure: 25986: /usr/lib/libkio.la
taking that
configure: 26004: /usr/lib/kde3/plugins/designer/kdewidgets.la
taking that
configure:26069: result: libraries /usr/lib, headers /usr/include/kde
configure:26108: checking if UIC has KDE plugins available
configure:26135: /usr/lib/qt-3.3/bin/uic -L /usr/lib/kde3/plugins/designer -nounload -impl actest.h actest.ui > actest.cpp
configure:26138: $? = 0
configure:26152: result: yes
configure:26197: checking for KDE paths
configure:26783: result: defaults
configure:26829: checking for dcopidl
configure:26887: result: /usr/bin/dcopidl
configure:26894: checking for dcopidl2cpp
configure:26952: result: /usr/bin/dcopidl2cpp
configure:26960: checking for mcopidl
configure:27019: result: /usr/bin/mcopidl
configure:27026: checking for artsc-config
configure:27085: result: /usr/bin/artsc-config
configure:27093: checking for meinproc
configure:27147: result: /usr/bin/meinproc
configure:27177: checking for kconfig_compiler
configure:27235: result: /usr/bin/kconfig_compiler
configure:27242: checking for dcopidlng
configure:27300: result: /usr/bin/dcopidlng
configure:27376: checking for xmllint
configure:27430: result: /usr/bin/xmllint
configure: 27446: /usr/share/kde/apps/ksgmltools2/customization/kde-chunk.xsl
configure: 27446: /usr/local/share/apps/ksgmltools2/customization/kde-chunk.xsl
configure: 27446: /usr/share/apps/ksgmltools2/customization/kde-chunk.xsl
taking that
configure:27604: checking whether byte ordering is bigendian
configure:27619: gcc -c    -DQT_THREAD_SUPPORT  -D_REENTRANT conftest.c >&5
conftest.c:46: error: expected '=', ',', ';', 'asm' or '__attribute__' before 'a'
configure:27619: $? = 1
configure: failed program was:
| /* confdefs.h */
| #define PACKAGE_NAME ""
| #define PACKAGE_TARNAME ""
| #define PACKAGE_VERSION ""
| #define PACKAGE_STRING ""
| #define PACKAGE_BUGREPORT ""
| #define PACKAGE_URL ""
| #define PACKAGE "ksimu51"
| #define VERSION "0.1"
| #define KDELIBSUFF ""
| #define STDC_HEADERS 1
| #define HAVE_SYS_TYPES_H 1
| #define HAVE_SYS_STAT_H 1
| #define HAVE_STDLIB_H 1
| #define HAVE_STRING_H 1
| #define HAVE_MEMORY_H 1
| #define HAVE_STRINGS_H 1
| #define HAVE_INTTYPES_H 1
| #define HAVE_STDINT_H 1
| #define HAVE_UNISTD_H 1
| #define HAVE_DLFCN_H 1
| #define HAVE_SGI_STL 1
| #define HAVE_CRYPT 1
| #define kde_socklen_t socklen_t
| #define ksize_t socklen_t
| #define HAVE_SYS_TYPES_H 1
| #define HAVE_STDINT_H 1
| #define HAVE_SYS_BITYPES_H 1
| #define HAVE_RES_INIT 1
| #define HAVE_RES_INIT 1
| #define HAVE_RES_INIT_PROTO 1
| #define SIZEOF_INT 4
| #define SIZEOF_SHORT 2
| #define SIZEOF_LONG 4
| #define SIZEOF_CHAR_P 4
| #define SIZEOF_SIZE_T 4
| #define SIZEOF_UNSIGNED_LONG 4
| #define HAVE_VSNPRINTF 1
| #define HAVE_SNPRINTF 1
| #define HAVE_LIBZ 1
| #define HAVE_LIBPNG 1
| #define HAVE_LIBJPEG 1
| #define HAVE_LIBPTHREAD 1
| /* end confdefs.h.  */
| #ifndef __APPLE_CC__
| 	       not a universal capable compiler
| 	     #endif
| 	     typedef int dummy;
| 
configure:27664: gcc -c    -DQT_THREAD_SUPPORT  -D_REENTRANT conftest.c >&5
configure:27664: $? = 0
configure:27682: gcc -c    -DQT_THREAD_SUPPORT  -D_REENTRANT conftest.c >&5
conftest.c: In function 'main':
conftest.c:52: error: 'not' undeclared (first use in this function)
conftest.c:52: error: (Each undeclared identifier is reported only once
conftest.c:52: error: for each function it appears in.)
conftest.c:52: error: expected ';' before 'big'
configure:27682: $? = 1
configure: failed program was:
| /* confdefs.h */
| #define PACKAGE_NAME ""
| #define PACKAGE_TARNAME ""
| #define PACKAGE_VERSION ""
| #define PACKAGE_STRING ""
| #define PACKAGE_BUGREPORT ""
| #define PACKAGE_URL ""
| #define PACKAGE "ksimu51"
| #define VERSION "0.1"
| #define KDELIBSUFF ""
| #define STDC_HEADERS 1
| #define HAVE_SYS_TYPES_H 1
| #define HAVE_SYS_STAT_H 1
| #define HAVE_STDLIB_H 1
| #define HAVE_STRING_H 1
| #define HAVE_MEMORY_H 1
| #define HAVE_STRINGS_H 1
| #define HAVE_INTTYPES_H 1
| #define HAVE_STDINT_H 1
| #define HAVE_UNISTD_H 1
| #define HAVE_DLFCN_H 1
| #define HAVE_SGI_STL 1
| #define HAVE_CRYPT 1
| #define kde_socklen_t socklen_t
| #define ksize_t socklen_t
| #define HAVE_SYS_TYPES_H 1
| #define HAVE_STDINT_H 1
| #define HAVE_SYS_BITYPES_H 1
| #define HAVE_RES_INIT 1
| #define HAVE_RES_INIT 1
| #define HAVE_RES_INIT_PROTO 1
| #define SIZEOF_INT 4
| #define SIZEOF_SHORT 2
| #define SIZEOF_LONG 4
| #define SIZEOF_CHAR_P 4
| #define SIZEOF_SIZE_T 4
| #define SIZEOF_UNSIGNED_LONG 4
| #define HAVE_VSNPRINTF 1
| #define HAVE_SNPRINTF 1
| #define HAVE_LIBZ 1
| #define HAVE_LIBPNG 1
| #define HAVE_LIBJPEG 1
| #define HAVE_LIBPTHREAD 1
| /* end confdefs.h.  */
| #include <sys/types.h>
| 		#include <sys/param.h>
| 
| int
| main ()
| {
| #if BYTE_ORDER != BIG_ENDIAN
| 		 not big endian
| 		#endif
| 
|   ;
|   return 0;
| }
configure:27810: result: no
configure:27829: checking for MAXPATHLEN
configure:27851: gcc -E  -DQT_THREAD_SUPPORT  -D_REENTRANT conftest.c 2>/dev/null | grep '^KDE_HELLO' >conftest.out
configure:27854: $? = 0
configure:27866: result: 4096
configure:27896: checking if doc should be compiled
configure:27908: result: yes
configure:27896: checking if po should be compiled
configure:27908: result: yes
configure:27896: checking if src should be compiled
configure:27908: result: yes
configure:28106: creating ./config.status

## ---------------------- ##
## Running config.status. ##
## ---------------------- ##

This file was extended by config.status, which was
generated by GNU Autoconf 2.65.  Invocation command line was

  CONFIG_FILES    = 
  CONFIG_HEADERS  = 
  CONFIG_LINKS    = 
  CONFIG_COMMANDS = 
  $ ./config.status 

on CompaQ1G5P4

config.status:1057: creating Makefile
config.status:1057: creating doc/Makefile
config.status:1057: creating doc/en/Makefile
config.status:1057: creating po/Makefile
config.status:1057: creating src/Makefile
config.status:1057: creating src/components/Makefile
config.status:1057: creating src/components/displays/Makefile
config.status:1057: creating src/components/displays/Hitachi/Makefile
config.status:1057: creating src/components/displays/Maxim/Makefile
config.status:1057: creating src/components/instruments/Makefile
config.status:1057: creating src/components/keysButtons/Makefile
config.status:1057: creating src/components/logic74/Makefile
config.status:1057: creating src/components/logicGALPAL/Makefile
config.status:1057: creating src/components/memory/Makefile
config.status:1057: creating src/components/misc/Makefile
config.status:1057: creating src/processors/Makefile
config.status:1057: creating src/processors/Atmel/Makefile
config.status:1057: creating src/processors/Maxim/Makefile
config.status:1057: creating src/processorsW/Makefile
config.status:1057: creating src/processorsW/atmelW/Makefile
config.status:1057: creating src/processorsW/intelW/Makefile
config.status:1057: creating src/processorsW/maximW/Makefile
config.status:1057: creating src/processorsW/philipsW/Makefile
config.status:1057: creating src/processorsW/texasInstrumentsW/Makefile
config.status:1057: creating src/share/Makefile
config.status:1057: creating config.h
config.status:1263: executing depfiles commands

## ---------------- ##
## Cache variables. ##
## ---------------- ##

ac_cv_build=i686-redhat-linux-gnu
ac_cv_c_bigendian=no
ac_cv_c_compiler_gnu=no
ac_cv_cxx_compiler_gnu=no
ac_cv_env_CCC_set=
ac_cv_env_CCC_value=
ac_cv_env_CC_set=
ac_cv_env_CC_value=
ac_cv_env_CFLAGS_set=
ac_cv_env_CFLAGS_value=
ac_cv_env_CPPFLAGS_set=
ac_cv_env_CPPFLAGS_value=
ac_cv_env_CPP_set=
ac_cv_env_CPP_value=
ac_cv_env_CXXCPP_set=
ac_cv_env_CXXCPP_value=
ac_cv_env_CXXFLAGS_set=set
ac_cv_env_CXXFLAGS_value='-O0 -g3'
ac_cv_env_CXX_set=
ac_cv_env_CXX_value=
ac_cv_env_F77_set=
ac_cv_env_F77_value=
ac_cv_env_FFLAGS_set=
ac_cv_env_FFLAGS_value=
ac_cv_env_LDFLAGS_set=
ac_cv_env_LDFLAGS_value=
ac_cv_env_LIBS_set=
ac_cv_env_LIBS_value=
ac_cv_env_XMKMF_set=
ac_cv_env_XMKMF_value=
ac_cv_env_build_alias_set=
ac_cv_env_build_alias_value=
ac_cv_env_host_alias_set=
ac_cv_env_host_alias_value=
ac_cv_env_target_alias_set=
ac_cv_env_target_alias_value=
ac_cv_f77_compiler_gnu=yes
ac_cv_func__NSGetEnviron=no
ac_cv_func_connect=yes
ac_cv_func_dlopen=no
ac_cv_func_inet_ntoa=yes
ac_cv_func_remove=yes
ac_cv_func_shl_load=no
ac_cv_func_shmat=yes
ac_cv_func_snprintf=yes
ac_cv_func_vsnprintf=yes
ac_cv_have_dlfcn=yes
ac_cv_have_kde='have_kde=yes     ac_kde_includes=/usr/include/kde ac_kde_libraries=/usr/lib'
ac_cv_have_qt='have_qt=yes     ac_qt_includes=/usr/lib/qt-3.3/include ac_qt_libraries=/usr/lib/qt-3.3/lib'
ac_cv_header_Carbon_Carbon_h=no
ac_cv_header_CoreAudio_CoreAudio_h=no
ac_cv_header_crt_externs_h=no
ac_cv_header_dlfcn_h=yes
ac_cv_header_inttypes_h=yes
ac_cv_header_memory_h=yes
ac_cv_header_stdc=yes
ac_cv_header_stdint_h=yes
ac_cv_header_stdlib_h=yes
ac_cv_header_string_h=yes
ac_cv_header_strings_h=yes
ac_cv_header_sys_bitypes_h=yes
ac_cv_header_sys_stat_h=yes
ac_cv_header_sys_types_h=yes
ac_cv_header_unistd_h=yes
ac_cv_host=i686-redhat-linux-gnu
ac_cv_lib_ICE_IceConnectionNumber=yes
ac_cv_lib_compat_main=no
ac_cv_lib_crypt_crypt=yes
ac_cv_lib_dl_dlopen=yes
ac_cv_lib_dld_shl_load=no
ac_cv_lib_dld_shl_unload=no
ac_cv_lib_dnet_dnet_ntoa=no
ac_cv_lib_dnet_stub_dnet_ntoa=no
ac_cv_lib_jpeg_6b=no
ac_cv_lib_jpeg_normal=-ljpeg
ac_cv_lib_png='-lpng -lz -lm'
ac_cv_lib_poll_poll=no
ac_cv_lib_pthread_pthread_create=yes
ac_cv_lib_ucb_killpg=no
ac_cv_lib_util_main=yes
ac_cv_lib_z=-lz
ac_cv_maxpathlen=4096
ac_cv_objext=o
ac_cv_path_EGREP='/bin/grep -E'
ac_cv_path_GMSGFMT=/usr/bin/msgfmt
ac_cv_path_GREP=/bin/grep
ac_cv_path_MSGFMT=/usr/bin/msgfmt
ac_cv_path_XGETTEXT=/usr/bin/xgettext
ac_cv_path_install='/usr/bin/install -c'
ac_cv_prog_AWK=gawk
ac_cv_prog_CPP='gcc -E'
ac_cv_prog_CXXCPP='g++ -E'
ac_cv_prog_ac_ct_AR=ar
ac_cv_prog_ac_ct_CC=gcc
ac_cv_prog_ac_ct_CXX=g++
ac_cv_prog_ac_ct_F77=gfortran
ac_cv_prog_ac_ct_RANLIB=ranlib
ac_cv_prog_ac_ct_STRIP=strip
ac_cv_prog_cc_c89=no
ac_cv_prog_cc_g=no
ac_cv_prog_cxx_g=no
ac_cv_prog_f77_g=yes
ac_cv_prog_make_make_set=yes
ac_cv_sizeof_char_p=4
ac_cv_sizeof_int=4
ac_cv_sizeof_long=4
ac_cv_sizeof_short=2
ac_cv_sizeof_size_t=4
ac_cv_sizeof_unsigned_long=4
ac_cv_target=i686-redhat-linux-gnu
am_cv_CC_dependencies_compiler_type=gcc3
am_cv_CXX_dependencies_compiler_type=gcc3
kde_cv_all_paths='kde_have_all_paths="yes" 	kde_htmldir="\${datadir}/doc/HTML" 	kde_appsdir="\${datadir}/applnk" 	kde_icondir="\${datadir}/icons" 	kde_sounddir="\${datadir}/sounds" 	kde_datadir="\${datadir}/apps" 	kde_locale="\${datadir}/locale" 	kde_cgidir="\${exec_prefix}/cgi-bin" 	kde_confdir="\${datadir}/config" 	kde_kcfgdir="\${datadir}/config.kcfg" 	kde_mimedir="\${datadir}/mimelnk" 	kde_toolbardir="\${datadir}/toolbar" 	kde_wallpaperdir="\${datadir}/wallpapers" 	kde_templatesdir="\${datadir}/templates" 	kde_bindir="\${exec_prefix}/bin" 	kde_servicesdir="\${datadir}/services" 	kde_servicetypesdir="\${datadir}/servicetypes" 	kde_moduledir="\${libdir}/kde3" 	kde_styledir="\${libdir}/kde3/plugins/styles" 	kde_widgetdir="/usr/lib/kde3/plugins/designer" 	xdg_appsdir="\${datadir}/applications/kde" 	xdg_menudir="\${sysconfdir}/xdg/menus" 	xdg_directorydir="\${datadir}/desktop-directories" 	kde_result=defaults'
kde_cv_func_res_init=yes
kde_cv_func_strlcat=no
kde_cv_func_strlcpy=no
kde_cv_have_libXext=yes
kde_cv_have_x='have_x=yes          kde_x_includes=. kde_x_libraries=/usr/lib'
kde_cv_path=/usr/bin/xmllint
kde_cv_path_artsc_config=/usr/bin/artsc-config
kde_cv_path_dcopidl2cpp=/usr/bin/dcopidl2cpp
kde_cv_path_dcopidl=/usr/bin/dcopidl
kde_cv_path_dcopidlng=/usr/bin/dcopidlng
kde_cv_path_kconfig_compiler=/usr/bin/kconfig_compiler
kde_cv_path_kde_config=/usr/bin/kde-config
kde_cv_path_mcopidl=/usr/bin/mcopidl
kde_cv_path_meinproc=/usr/bin/meinproc
kde_cv_path_moc=/usr/lib/qt-3.3/bin/moc
kde_cv_path_perl=/usr/bin/perl
kde_cv_path_uic=/usr/lib/qt-3.3/bin/uic
kde_cv_path_xmllint=/usr/bin/xmllint
kde_cv_prog_cxx_O0=yes
kde_cv_prog_cxx_Wl___allow_shlib_undefined=yes
kde_cv_prog_cxx_Wl___no_undefined=yes
kde_cv_prog_uic_L=yes
kde_cv_prog_uic_nounload=yes
kde_cv_proto_res_init=no
kde_cv_proto_strlcat='yes - in libkdefakes'
kde_cv_proto_strlcpy='yes - in libkdefakes'
kde_cv_qt_jpeg=no
kde_cv_socklen_t=yes
kde_cv_socklen_t_equiv=socklen_t
kde_cv_stl_works=yes
kde_cv_uic_plugins=yes
kde_cv_val_pie_support=yes
lt_cv_deplibs_check_method=pass_all
lt_cv_dlopen=dlopen
lt_cv_dlopen_libs=-ldl
lt_cv_dlopen_self=no
lt_cv_file_magic_cmd='$MAGIC_CMD'
lt_cv_file_magic_test_file='/lib/libc.so.6 /lib/libc-2.12.so'
lt_cv_ld_reload_flag=-r
lt_cv_objdir=.libs
lt_cv_path_LD=/usr/bin/ld
lt_cv_path_LDCXX=
lt_cv_path_NM='/usr/bin/nm -B'
lt_cv_path_SED=/bin/sed
lt_cv_prog_compiler_c_o=yes
lt_cv_prog_compiler_c_o_CXX=yes
lt_cv_prog_compiler_c_o_F77=yes
lt_cv_prog_gnu_ld=yes
lt_cv_prog_gnu_ldcxx=
lt_cv_sys_global_symbol_pipe='sed -n -e '\''s/^.*[ 	]\([ABCDGISTW][ABCDGISTW]*\)[ 	][ 	]*\(\)\([_A-Za-z][_A-Za-z0-9]*\)$/\1 \2\3 \3/p'\'''
lt_cv_sys_global_symbol_to_c_name_address='sed -n -e '\''s/^: \([^ ]*\) $/  {\"\1\", (lt_ptr) 0},/p'\'' -e '\''s/^[BCDEGRST] \([^ ]*\) \([^ ]*\)$/  {"\2", (lt_ptr) \&\2},/p'\'''
lt_cv_sys_global_symbol_to_cdecl='sed -n -e '\''s/^. .* \(.*\)$/extern int \1;/p'\'''
lt_cv_sys_max_cmd_len=32768
lt_lt_cv_prog_compiler_c_o='"yes"'
lt_lt_cv_prog_compiler_c_o_CXX='"yes"'
lt_lt_cv_prog_compiler_c_o_F77='"yes"'
lt_lt_cv_sys_global_symbol_pipe='"sed -n -e '\''s/^.*[ 	]\\([ABCDGISTW][ABCDGISTW]*\\)[ 	][ 	]*\\(\\)\\([_A-Za-z][_A-Za-z0-9]*\\)\$/\\1 \\2\\3 \\3/p'\''"'
lt_lt_cv_sys_global_symbol_to_c_name_address='"sed -n -e '\''s/^: \\([^ ]*\\) \$/  {\\\"\\1\\\", (lt_ptr) 0},/p'\'' -e '\''s/^[BCDEGRST] \\([^ ]*\\) \\([^ ]*\\)\$/  {\"\\2\", (lt_ptr) \\&\\2},/p'\''"'
lt_lt_cv_sys_global_symbol_to_cdecl='"sed -n -e '\''s/^. .* \\(.*\\)\$/extern int \\1;/p'\''"'

## ----------------- ##
## Output variables. ##
## ----------------- ##

ACLOCAL='${SHELL} /home/heikki/pr/programs/ksimu51/admin/missing --run aclocal-1.7'
AMDEPBACKSLASH='\'
AMDEP_FALSE='#'
AMDEP_TRUE=''
AMTAR='${SHELL} /home/heikki/pr/programs/ksimu51/admin/missing --run tar'
AR='ar'
ARTSCCONFIG='/usr/bin/artsc-config'
AUTOCONF='$(SHELL) $(top_srcdir)/admin/cvs.sh configure || touch configure'
AUTODIRS=''
AUTOHEADER='${SHELL} /home/heikki/pr/programs/ksimu51/admin/missing --run autoheader'
AUTOMAKE='${SHELL} /home/heikki/pr/programs/ksimu51/admin/missing --run automake-1.7'
AWK='gawk'
CC='gcc'
CCDEPMODE='depmode=gcc3'
CFLAGS=' '
CONF_FILES=' $(top_srcdir)/./admin/configure.in.min $(top_srcdir)/configure.in.in'
CPP='gcc -E'
CPPFLAGS=' -DQT_THREAD_SUPPORT  -D_REENTRANT'
CXX='g++'
CXXCPP='g++ -E'
CXXDEPMODE='depmode=gcc3'
CXXFLAGS='-O0 -g3'
CYGPATH_W='echo'
DCOPIDL2CPP='/usr/bin/dcopidl2cpp'
DCOPIDL='/usr/bin/dcopidl'
DCOPIDLNG='/usr/bin/dcopidlng'
DCOP_DEPENDENCIES='$(DCOPIDL) $(DCOPIDLNG)'
DEFS='-DHAVE_CONFIG_H'
DEPDIR='.deps'
ECHO='echo'
ECHO_C=''
ECHO_N='-n'
ECHO_T=''
EGREP='/bin/grep -E'
ENABLE_PERMISSIVE_FLAG=''
EXEEXT=''
F77='gfortran'
FFLAGS='-g -O2'
FRAMEWORK_COREAUDIO=''
GMSGFMT='/usr/bin/msgfmt'
GREP='/bin/grep'
HAVE_GCC_VISIBILITY='0'
INSTALL_DATA='${INSTALL} -m 644'
INSTALL_PROGRAM='${INSTALL} $(INSTALL_STRIP_FLAG)'
INSTALL_SCRIPT='${INSTALL}'
INSTALL_STRIP_PROGRAM='${SHELL} $(install_sh) -c -s'
KCFG_DEPENDENCIES='$(KCONFIG_COMPILER)'
KCONFIG_COMPILER='/usr/bin/kconfig_compiler'
KDECONFIG='/usr/bin/kde-config'
KDE_CHECK_PLUGIN='$(KDE_PLUGIN) -rpath $(libdir)'
KDE_EXTRA_RPATH=''
KDE_INCLUDES='-I/usr/include/kde'
KDE_LDFLAGS='-L/usr/lib'
KDE_MT_LDFLAGS=''
KDE_MT_LIBS='-lpthread'
KDE_NO_UNDEFINED='-Wl,--no-undefined -Wl,--allow-shlib-undefined'
KDE_PLUGIN='-avoid-version -module -no-undefined $(KDE_NO_UNDEFINED) $(KDE_RPATH) $(KDE_MT_LDFLAGS)'
KDE_RPATH='-R $(libdir) -R $(kde_libraries) -R $(qt_libraries) -R $(x_libraries)'
KDE_USE_CLOSURE_FALSE=''
KDE_USE_CLOSURE_TRUE='#'
KDE_USE_FINAL_FALSE=''
KDE_USE_FINAL_TRUE='#'
KDE_USE_FPIE='-fPIE'
KDE_USE_NMCHECK_FALSE=''
KDE_USE_NMCHECK_TRUE='#'
KDE_USE_PIE='-pie'
KDE_XSL_STYLESHEET='/usr/share/apps/ksgmltools2/customization/kde-chunk.xsl'
LDFLAGS=''
LDFLAGS_AS_NEEDED=''
LDFLAGS_NEW_DTAGS=''
LIBCOMPAT=''
LIBCRYPT='-lcrypt'
LIBDL='-ldl'
LIBJPEG='-ljpeg'
LIBOBJS=''
LIBPNG='-lpng -lz -lm'
LIBPTHREAD='-lpthread'
LIBRESOLV='-lresolv'
LIBS=''
LIBSM='-lSM -lICE'
LIBSOCKET=''
LIBTOOL='$(SHELL) $(top_builddir)/libtool --silent'
LIBUCB=''
LIBUTIL='-lutil'
LIBZ='-lz'
LIB_KAB='-lkab'
LIB_KABC='-lkabc'
LIB_KDECORE='-lkdecore'
LIB_KDED=''
LIB_KDEPIM='-lkdepim'
LIB_KDEPRINT='-lkdeprint'
LIB_KDEUI='-lkdeui'
LIB_KDNSSD='-lkdnssd'
LIB_KFILE='-lkio'
LIB_KFM=''
LIB_KHTML='-lkhtml'
LIB_KIMPROXY='-lkimproxy'
LIB_KIO='-lkio'
LIB_KJS='-lkjs'
LIB_KNEWSTUFF='-lknewstuff'
LIB_KPARTS='-lkparts'
LIB_KSPELL='-lkspell'
LIB_KSYCOCA='-lkio'
LIB_KUNITTEST='-lkunittest'
LIB_KUTILS='-lkutils'
LIB_POLL=''
LIB_QPE=''
LIB_QT='-lqt-mt  $(LIBZ) $(LIBPNG) -lXext $(LIB_X11) $(LIBSM) -lpthread'
LIB_SMB='-lsmb'
LIB_X11='-lX11 $(LIBSOCKET)'
LIB_XEXT='-lXext'
LIB_XRENDER=''
LN_S='ln -s'
LTLIBOBJS=''
MAKEINFO='${SHELL} /home/heikki/pr/programs/ksimu51/admin/missing --run makeinfo'
MAKEKDEWIDGETS=''
MCOPIDL='/usr/bin/mcopidl'
MEINPROC='/usr/bin/meinproc'
MOC='/usr/lib/qt-3.3/bin/moc'
MSGFMT='/usr/bin/msgfmt'
NOOPT_CFLAGS=''
NOOPT_CXXFLAGS='-O0'
OBJEXT='o'
PACKAGE='ksimu51'
PACKAGE_BUGREPORT=''
PACKAGE_NAME=''
PACKAGE_STRING=''
PACKAGE_TARNAME=''
PACKAGE_URL=''
PACKAGE_VERSION=''
PATH_SEPARATOR=':'
PERL='/usr/bin/perl'
QTE_NORTTI=''
QT_INCLUDES='-I/usr/lib/qt-3.3/include'
QT_LDFLAGS='-L/usr/lib/qt-3.3/lib'
RANLIB='ranlib'
SET_MAKE=''
SHELL='/bin/sh'
STRIP='strip'
TOPSUBDIRS=' doc po src'
UIC='/usr/lib/qt-3.3/bin/uic -L $(kde_widgetdir) -nounload'
UIC_TR='tr2i18n'
USER_INCLUDES=''
USER_LDFLAGS=''
USE_EXCEPTIONS=''
USE_RTTI=''
USE_THREADS=''
VERSION='0.1'
WOVERLOADED_VIRTUAL=''
XGETTEXT='/usr/bin/xgettext'
XMKMF=''
XMLLINT='/usr/bin/xmllint'
X_EXTRA_LIBS=''
X_INCLUDES='-I.'
X_LDFLAGS='-L/usr/lib'
X_PRE_LIBS=''
X_RPATH='-R $(x_libraries)'
ac_ct_CC='gcc'
ac_ct_CXX='g++'
ac_ct_F77='gfortran'
all_includes='-I/usr/include/kde -I/usr/lib/qt-3.3/include -I. '
all_libraries='-L/usr/lib/qt-3.3/lib -L/usr/lib   '
am__fastdepCC_FALSE='#'
am__fastdepCC_TRUE=''
am__fastdepCXX_FALSE='#'
am__fastdepCXX_TRUE=''
am__include='include'
am__leading_dot='.'
am__quote=''
bindir='${exec_prefix}/bin'
build='i686-redhat-linux-gnu'
build_alias=''
build_cpu='i686'
build_os='linux-gnu'
build_vendor='redhat'
datadir='${datarootdir}'
datarootdir='${prefix}/share'
docdir='${datarootdir}/doc/${PACKAGE}'
dvidir='${docdir}'
exec_prefix='${prefix}'
host='i686-redhat-linux-gnu'
host_alias=''
host_cpu='i686'
host_os='linux-gnu'
host_vendor='redhat'
htmldir='${docdir}'
include_ARTS_FALSE='#'
include_ARTS_TRUE=''
include_x11_FALSE='#'
include_x11_TRUE=''
includedir='${prefix}/include'
infodir='${datarootdir}/info'
install_sh='/home/heikki/pr/programs/ksimu51/admin/install-sh'
kde_appsdir='${datadir}/applnk'
kde_bindir='${exec_prefix}/bin'
kde_confdir='${datadir}/config'
kde_datadir='${datadir}/apps'
kde_htmldir='${datadir}/doc/HTML'
kde_icondir='${datadir}/icons'
kde_includes='/usr/include/kde'
kde_kcfgdir='${datadir}/config.kcfg'
kde_libraries='/usr/lib'
kde_libs_htmldir='/usr/share/doc/HTML'
kde_libs_prefix='/usr'
kde_locale='${datadir}/locale'
kde_mimedir='${datadir}/mimelnk'
kde_moduledir='${libdir}/kde3'
kde_qtver='3'
kde_servicesdir='${datadir}/services'
kde_servicetypesdir='${datadir}/servicetypes'
kde_sounddir='${datadir}/sounds'
kde_styledir='${libdir}/kde3/plugins/styles'
kde_templatesdir='${datadir}/templates'
kde_wallpaperdir='${datadir}/wallpapers'
kde_widgetdir='/usr/lib/kde3/plugins/designer'
kdeinitdir='$(kde_moduledir)'
libdir='${exec_prefix}/lib'
libexecdir='${exec_prefix}/libexec'
localedir='${datarootdir}/locale'
localstatedir='${prefix}/var'
mandir='${datarootdir}/man'
oldincludedir='/usr/include'
pdfdir='${docdir}'
prefix='/usr'
program_transform_name='s,x,x,'
psdir='${docdir}'
qt_includes='/usr/lib/qt-3.3/include'
qt_libraries='/usr/lib/qt-3.3/lib'
sbindir='${exec_prefix}/sbin'
sharedstatedir='${prefix}/com'
sysconfdir='${prefix}/etc'
target='i686-redhat-linux-gnu'
target_alias=''
target_cpu='i686'
target_os='linux-gnu'
target_vendor='redhat'
unsermake_enable_pch_FALSE=''
unsermake_enable_pch_TRUE='#'
x_includes='.'
x_libraries='/usr/lib'
xdg_appsdir='${datadir}/applications/kde'
xdg_directorydir='${datadir}/desktop-directories'
xdg_menudir='${sysconfdir}/xdg/menus'

## ----------- ##
## confdefs.h. ##
## ----------- ##

/* confdefs.h */
#define PACKAGE_NAME ""
#define PACKAGE_TARNAME ""
#define PACKAGE_VERSION ""
#define PACKAGE_STRING ""
#define PACKAGE_BUGREPORT ""
#define PACKAGE_URL ""
#define PACKAGE "ksimu51"
#define VERSION "0.1"
#define KDELIBSUFF ""
#define STDC_HEADERS 1
#define HAVE_SYS_TYPES_H 1
#define HAVE_SYS_STAT_H 1
#define HAVE_STDLIB_H 1
#define HAVE_STRING_H 1
#define HAVE_MEMORY_H 1
#define HAVE_STRINGS_H 1
#define HAVE_INTTYPES_H 1
#define HAVE_STDINT_H 1
#define HAVE_UNISTD_H 1
#define HAVE_DLFCN_H 1
#define HAVE_SGI_STL 1
#define HAVE_CRYPT 1
#define kde_socklen_t socklen_t
#define ksize_t socklen_t
#define HAVE_SYS_TYPES_H 1
#define HAVE_STDINT_H 1
#define HAVE_SYS_BITYPES_H 1
#define HAVE_RES_INIT 1
#define HAVE_RES_INIT 1
#define HAVE_RES_INIT_PROTO 1
#define SIZEOF_INT 4
#define SIZEOF_SHORT 2
#define SIZEOF_LONG 4
#define SIZEOF_CHAR_P 4
#define SIZEOF_SIZE_T 4
#define SIZEOF_UNSIGNED_LONG 4
#define HAVE_VSNPRINTF 1
#define HAVE_SNPRINTF 1
#define HAVE_LIBZ 1
#define HAVE_LIBPNG 1
#define HAVE_LIBJPEG 1
#define HAVE_LIBPTHREAD 1
#define KDEMAXPATHLEN 4096

configure: exit 0
